Start testing: Apr 10 21:34 EDT
----------------------------------------------------------
1/175 Testing: binder_test
1/175 Test: binder_test
Command: "/Users/Alpha/Documents/s18/15721/peloton/testbuild/test/binder_test" "--gtest_color=yes" "--gtest_output=xml:/Users/Alpha/Documents/s18/15721/peloton/testbuild/test/binder_test.xml"
Directory: /Users/Alpha/Documents/s18/15721/peloton/testbuild/test
"binder_test" start time: Apr 10 21:34 EDT
Output:
----------------------------------------------------------
Running main() from gmock_main.cc
[0;32m[==========] [mRunning 4 tests from 1 test case.
[0;32m[----------] [mGlobal test environment set-up.
[0;32m[----------] [m4 tests from BinderCorrectnessTest
[0;32m[ RUN      ] [mBinderCorrectnessTest.SelectStatementTest
unknown file: Failure
C++ exception with description "Can't find Database pg_catalog to create table" thrown in SetUp().
unknown file: Failure
C++ exception with description "Drop Database: default_database does not exist" thrown in TearDown().
[0;31m[  FAILED  ] [mBinderCorrectnessTest.SelectStatementTest (239 ms)
[0;32m[ RUN      ] [mBinderCorrectnessTest.DeleteStatementTest
unknown file: Failure
C++ exception with description "Can't find Database pg_catalog to create table" thrown in SetUp().
unknown file: Failure
C++ exception with description "Drop Database: default_database does not exist" thrown in TearDown().
[0;31m[  FAILED  ] [mBinderCorrectnessTest.DeleteStatementTest (3 ms)
[0;32m[ RUN      ] [mBinderCorrectnessTest.BindDepthTest
unknown file: Failure
C++ exception with description "Can't find Database pg_catalog to create table" thrown in SetUp().
unknown file: Failure
C++ exception with description "Drop Database: default_database does not exist" thrown in TearDown().
[0;31m[  FAILED  ] [mBinderCorrectnessTest.BindDepthTest (1 ms)
[0;32m[ RUN      ] [mBinderCorrectnessTest.FunctionExpressionTest
unknown file: Failure
C++ exception with description "Can't find Database pg_catalog to create table" thrown in SetUp().
unknown file: Failure
C++ exception with description "Drop Database: default_database does not exist" thrown in TearDown().
[0;31m[  FAILED  ] [mBinderCorrectnessTest.FunctionExpressionTest (1 ms)
[0;32m[----------] [m4 tests from BinderCorrectnessTest (245 ms total)

[0;32m[----------] [mGlobal test environment tear-down
[0;32m[==========] [m4 tests from 1 test case ran. (248 ms total)
[0;32m[  PASSED  ] [m0 tests.
[0;31m[  FAILED  ] [m4 tests, listed below:
[0;31m[  FAILED  ] [mBinderCorrectnessTest.SelectStatementTest
[0;31m[  FAILED  ] [mBinderCorrectnessTest.DeleteStatementTest
[0;31m[  FAILED  ] [mBinderCorrectnessTest.BindDepthTest
[0;31m[  FAILED  ] [mBinderCorrectnessTest.FunctionExpressionTest

 4 FAILED TESTS
<end of output>
Test time =   1.15 sec
----------------------------------------------------------
Test Failed.
"binder_test" end time: Apr 10 21:34 EDT
"binder_test" time elapsed: 00:00:01
----------------------------------------------------------

2/175 Testing: brain_util_test
2/175 Test: brain_util_test
Command: "/Users/Alpha/Documents/s18/15721/peloton/testbuild/test/brain_util_test" "--gtest_color=yes" "--gtest_output=xml:/Users/Alpha/Documents/s18/15721/peloton/testbuild/test/brain_util_test.xml"
Directory: /Users/Alpha/Documents/s18/15721/peloton/testbuild/test
"brain_util_test" start time: Apr 10 21:34 EDT
Output:
----------------------------------------------------------
Running main() from gmock_main.cc
[0;32m[==========] [mRunning 1 test from 1 test case.
[0;32m[----------] [mGlobal test environment set-up.
[0;32m[----------] [m1 test from BrainUtilTests
[0;32m[ RUN      ] [mBrainUtilTests.LoadIndexStatisticsFileTest
[0;32m[       OK ] [mBrainUtilTests.LoadIndexStatisticsFileTest (5 ms)
[0;32m[----------] [m1 test from BrainUtilTests (5 ms total)

[0;32m[----------] [mGlobal test environment tear-down
[0;32m[==========] [m1 test from 1 test case ran. (5 ms total)
[0;32m[  PASSED  ] [m1 test.
<end of output>
Test time =   0.22 sec
----------------------------------------------------------
Test Passed.
"brain_util_test" end time: Apr 10 21:34 EDT
"brain_util_test" time elapsed: 00:00:00
----------------------------------------------------------

3/175 Testing: clusterer_test
3/175 Test: clusterer_test
Command: "/Users/Alpha/Documents/s18/15721/peloton/testbuild/test/clusterer_test" "--gtest_color=yes" "--gtest_output=xml:/Users/Alpha/Documents/s18/15721/peloton/testbuild/test/clusterer_test.xml"
Directory: /Users/Alpha/Documents/s18/15721/peloton/testbuild/test
"clusterer_test" start time: Apr 10 21:34 EDT
Output:
----------------------------------------------------------
Running main() from gmock_main.cc
[0;32m[==========] [mRunning 1 test from 1 test case.
[0;32m[----------] [mGlobal test environment set-up.
[0;32m[----------] [m1 test from ClustererTests
[0;32m[ RUN      ] [mClustererTests.BasicTest
2018-04-10 21:34:11 [test/brain/clusterer_test.cpp:69:TestBody] INFO  - 
0 : 0.17 :: Sample :: 0.421472 0.421472 0.578528 0.578528 0.468481 0.421472 0.421472   ::  1
1 : 0.52 :: Sample :: 0.545558 0.545558 0.296483 0.296483 0.296483 0.703517 0.703517   ::  1
2 : 0.31 :: Sample :: 0.633848 0.633848 0.366152 0.633848 0.633848 0.366152 0.366152   ::  1
2018-04-10 21:34:11 [test/brain/clusterer_test.cpp:79:TestBody] INFO  - 
    COLUMN   TILE
  ---------------
         0  0 : 0
         1  0 : 1
         2  1 : 0
         3  1 : 1
         4  1 : 2
         5  0 : 2
         6  0 : 3
2018-04-10 21:34:11 [test/brain/clusterer_test.cpp:88:TestBody] INFO  - 
    COLUMN   TILE
  ---------------
         0  0 : 0
         1  0 : 1
         2  1 : 0
         3  2 : 0
         4  3 : 0
         5  0 : 2
         6  0 : 3
[0;32m[       OK ] [mClustererTests.BasicTest (7 ms)
[0;32m[----------] [m1 test from ClustererTests (7 ms total)

[0;32m[----------] [mGlobal test environment tear-down
[0;32m[==========] [m1 test from 1 test case ran. (8 ms total)
[0;32m[  PASSED  ] [m1 test.
<end of output>
Test time =   0.25 sec
----------------------------------------------------------
Test Passed.
"clusterer_test" end time: Apr 10 21:34 EDT
"clusterer_test" time elapsed: 00:00:00
----------------------------------------------------------

4/175 Testing: index_tuner_test
4/175 Test: index_tuner_test
Command: "/Users/Alpha/Documents/s18/15721/peloton/testbuild/test/index_tuner_test" "--gtest_color=yes" "--gtest_output=xml:/Users/Alpha/Documents/s18/15721/peloton/testbuild/test/index_tuner_test.xml"
Directory: /Users/Alpha/Documents/s18/15721/peloton/testbuild/test
"index_tuner_test" start time: Apr 10 21:34 EDT
Output:
----------------------------------------------------------
Running main() from gmock_main.cc
[0;32m[==========] [mRunning 1 test from 1 test case.
[0;32m[----------] [mGlobal test environment set-up.
[0;32m[----------] [m1 test from IndexTunerTests
[0;32m[ RUN      ] [mIndexTunerTests.BasicTest
2018-04-10 21:34:11 [test/brain/index_tuner_test.cpp:65:TestBody] INFO  - Index Count: 0
2018-04-10 21:34:11 [src/brain/index_tuner.cpp:51:Start] INFO  - Started index tuner
2018-04-10 21:34:11 [src/brain/index_tuner.cpp:540:Tune] INFO  - TUNER PAUSE [1000ms]
2018-04-10 21:34:13 [src/brain/index_tuner.cpp:91:AddIndex] DEBUG - Creating index : IndexMetadata[Oid=1, Name=adhoc_index_1, Type=BWTREE, ConstraintType=PRIMARY_KEY, UtilityRatio=0.5, Visible=1] -> Schema[NumColumns:3, IsInlined:1, Length:16, UninlinedCount:0] :: (Column[COL_A, INTEGER, Offset:0, FixedLength:4, {Constraint[not_null, NOTNULL]}], Column[COL_B, INTEGER, Offset:4, FixedLength:4, {Constraint[not_null, NOTNULL]}], Column[COL_C, DECIMAL, Offset:8, FixedLength:8, {Constraint[not_null, NOTNULL]}])
2018-04-10 21:34:13 [src/brain/index_tuner.cpp:91:AddIndex] DEBUG - Creating index : IndexMetadata[Oid=2, Name=adhoc_index_2, Type=BWTREE, ConstraintType=PRIMARY_KEY, UtilityRatio=0.5, Visible=1] -> Schema[NumColumns:2, IsInlined:1, Length:12, UninlinedCount:0] :: (Column[COL_A, INTEGER, Offset:0, FixedLength:4, {Constraint[not_null, NOTNULL]}], Column[COL_C, DECIMAL, Offset:4, FixedLength:8, {Constraint[not_null, NOTNULL]}])
2018-04-10 21:34:13 [src/brain/index_tuner.cpp:91:AddIndex] DEBUG - Creating index : IndexMetadata[Oid=3, Name=adhoc_index_3, Type=BWTREE, ConstraintType=PRIMARY_KEY, UtilityRatio=0.5, Visible=1] -> Schema[NumColumns:2, IsInlined:1, Length:8, UninlinedCount:0] :: (Column[COL_A, INTEGER, Offset:0, FixedLength:4, {Constraint[not_null, NOTNULL]}], Column[COL_B, INTEGER, Offset:4, FixedLength:4, {Constraint[not_null, NOTNULL]}])
2018-04-10 21:34:13 [src/brain/index_tuner.cpp:428:PrintIndexInformation] INFO  - Index count : 3
2018-04-10 21:34:13 [src/brain/index_tuner.cpp:447:PrintIndexInformation] DEBUG - IndexMetadata[Oid=1, Name=adhoc_index_1, Type=BWTREE, ConstraintType=PRIMARY_KEY, UtilityRatio=0.587333, Visible=1] -> Schema[NumColumns:3, IsInlined:1, Length:16, UninlinedCount:0] :: (Column[COL_A, INTEGER, Offset:0, FixedLength:4, {Constraint[not_null, NOTNULL]}], Column[COL_B, INTEGER, Offset:4, FixedLength:4, {Constraint[not_null, NOTNULL]}], Column[COL_C, DECIMAL, Offset:8, FixedLength:8, {Constraint[not_null, NOTNULL]}]) 0.0%
2018-04-10 21:34:13 [src/brain/index_tuner.cpp:447:PrintIndexInformation] DEBUG - IndexMetadata[Oid=2, Name=adhoc_index_2, Type=BWTREE, ConstraintType=PRIMARY_KEY, UtilityRatio=0.409593, Visible=1] -> Schema[NumColumns:2, IsInlined:1, Length:12, UninlinedCount:0] :: (Column[COL_A, INTEGER, Offset:0, FixedLength:4, {Constraint[not_null, NOTNULL]}], Column[COL_C, DECIMAL, Offset:4, FixedLength:8, {Constraint[not_null, NOTNULL]}]) 0.0%
2018-04-10 21:34:13 [src/brain/index_tuner.cpp:447:PrintIndexInformation] DEBUG - IndexMetadata[Oid=3, Name=adhoc_index_3, Type=BWTREE, ConstraintType=PRIMARY_KEY, UtilityRatio=0.403074, Visible=1] -> Schema[NumColumns:2, IsInlined:1, Length:8, UninlinedCount:0] :: (Column[COL_A, INTEGER, Offset:0, FixedLength:4, {Constraint[not_null, NOTNULL]}], Column[COL_B, INTEGER, Offset:4, FixedLength:4, {Constraint[not_null, NOTNULL]}]) 0.0%
2018-04-10 21:34:13 [src/brain/index_tuner.cpp:540:Tune] INFO  - TUNER PAUSE [1000ms]
2018-04-10 21:34:15 [src/brain/index_tuner.cpp:540:Tune] INFO  - TUNER PAUSE [1000ms]
2018-04-10 21:34:17 [src/brain/index_tuner.cpp:540:Tune] INFO  - TUNER PAUSE [1000ms]
2018-04-10 21:34:19 [src/brain/index_tuner.cpp:563:Stop] INFO  - Stopped index tuner
2018-04-10 21:34:19 [test/brain/index_tuner_test.cpp:116:TestBody] INFO  - Index Count: 3
[0;32m[       OK ] [mIndexTunerTests.BasicTest (8246 ms)
[0;32m[----------] [m1 test from IndexTunerTests (8247 ms total)

[0;32m[----------] [mGlobal test environment tear-down
[0;32m[==========] [m1 test from 1 test case ran. (8248 ms total)
[0;32m[  PASSED  ] [m1 test.
<end of output>
Test time =   8.53 sec
----------------------------------------------------------
Test Passed.
"index_tuner_test" end time: Apr 10 21:34 EDT
"index_tuner_test" time elapsed: 00:00:08
----------------------------------------------------------

5/175 Testing: layout_tuner_test
5/175 Test: layout_tuner_test
Command: "/Users/Alpha/Documents/s18/15721/peloton/testbuild/test/layout_tuner_test" "--gtest_color=yes" "--gtest_output=xml:/Users/Alpha/Documents/s18/15721/peloton/testbuild/test/layout_tuner_test.xml"
Directory: /Users/Alpha/Documents/s18/15721/peloton/testbuild/test
"layout_tuner_test" start time: Apr 10 21:34 EDT
Output:
----------------------------------------------------------
Running main() from gmock_main.cc
[0;32m[==========] [mRunning 1 test from 1 test case.
[0;32m[----------] [mGlobal test environment set-up.
[0;32m[----------] [m1 test from LayoutTunerTests
[0;32m[ RUN      ] [mLayoutTunerTests.BasicTest
2018-04-10 21:34:19 [test/brain/layout_tuner_test.cpp:64:TestBody] INFO  - Layout: 0: 0 1 2 3  :: 
2018-04-10 21:34:19 [src/brain/layout_tuner.cpp:45:Start] INFO  - Started layout tuner
2018-04-10 21:34:20 [src/brain/layout_tuner.cpp:182:Stop] INFO  - Stopped layout tuner
2018-04-10 21:34:20 [test/brain/layout_tuner_test.cpp:111:TestBody] INFO  - Layout: 0: 0 1 2  :: 1: 3  :: 
[0;32m[       OK ] [mLayoutTunerTests.BasicTest (291 ms)
[0;32m[----------] [m1 test from LayoutTunerTests (291 ms total)

[0;32m[----------] [mGlobal test environment tear-down
[0;32m[==========] [m1 test from 1 test case ran. (293 ms total)
[0;32m[  PASSED  ] [m1 test.
<end of output>
Test time =   0.57 sec
----------------------------------------------------------
Test Passed.
"layout_tuner_test" end time: Apr 10 21:34 EDT
"layout_tuner_test" time elapsed: 00:00:00
----------------------------------------------------------

6/175 Testing: query_logger_test
6/175 Test: query_logger_test
Command: "/Users/Alpha/Documents/s18/15721/peloton/testbuild/test/query_logger_test" "--gtest_color=yes" "--gtest_output=xml:/Users/Alpha/Documents/s18/15721/peloton/testbuild/test/query_logger_test.xml"
Directory: /Users/Alpha/Documents/s18/15721/peloton/testbuild/test
"query_logger_test" start time: Apr 10 21:34 EDT
Output:
----------------------------------------------------------
Running main() from gmock_main.cc
[0;32m[==========] [mRunning 1 test from 1 test case.
[0;32m[----------] [mGlobal test environment set-up.
[0;32m[----------] [m1 test from QueryLoggerTests
[0;32m[ RUN      ] [mQueryLoggerTests.QueriesTest
unknown file: Failure
C++ exception with description "Can't find Database pg_catalog to create table" thrown in SetUp().
[0;31m[  FAILED  ] [mQueryLoggerTests.QueriesTest (239 ms)
[0;32m[----------] [m1 test from QueryLoggerTests (239 ms total)

[0;32m[----------] [mGlobal test environment tear-down
[0;32m[==========] [m1 test from 1 test case ran. (240 ms total)
[0;32m[  PASSED  ] [m0 tests.
[0;31m[  FAILED  ] [m1 test, listed below:
[0;31m[  FAILED  ] [mQueryLoggerTests.QueriesTest

 1 FAILED TEST
<end of output>
Test time =   0.60 sec
----------------------------------------------------------
Test Failed.
"query_logger_test" end time: Apr 10 21:34 EDT
"query_logger_test" time elapsed: 00:00:00
----------------------------------------------------------

7/175 Testing: catalog_test
7/175 Test: catalog_test
Command: "/Users/Alpha/Documents/s18/15721/peloton/testbuild/test/catalog_test" "--gtest_color=yes" "--gtest_output=xml:/Users/Alpha/Documents/s18/15721/peloton/testbuild/test/catalog_test.xml"
Directory: /Users/Alpha/Documents/s18/15721/peloton/testbuild/test
"catalog_test" start time: Apr 10 21:34 EDT
Output:
----------------------------------------------------------
Running main() from gmock_main.cc
[0;32m[==========] [mRunning 7 tests from 1 test case.
[0;32m[----------] [mGlobal test environment set-up.
[0;32m[----------] [m7 tests from CatalogTests
[0;32m[ RUN      ] [mCatalogTests.BootstrappingCatalog
unknown file: Failure
C++ exception with description "Can't find Database pg_catalog to create table" thrown in the test body.
[0;31m[  FAILED  ] [mCatalogTests.BootstrappingCatalog (205 ms)
[0;32m[ RUN      ] [mCatalogTests.CreatingDatabase
unknown file: Failure
C++ exception with description "Database pg_catalog is not found" thrown in the test body.
[0;31m[  FAILED  ] [mCatalogTests.CreatingDatabase (0 ms)
[0;32m[ RUN      ] [mCatalogTests.CreatingTable
unknown file: Failure
C++ exception with description "Can't find Database EMP_DB to create table" thrown in the test body.
[0;31m[  FAILED  ] [mCatalogTests.CreatingTable (1 ms)
[0;32m[ RUN      ] [mCatalogTests.TableObject
unknown file: Failure
C++ exception with description "Database EMP_DB is not found" thrown in the test body.
[0;31m[  FAILED  ] [mCatalogTests.TableObject (0 ms)
[0;32m[ RUN      ] [mCatalogTests.DroppingTable
unknown file: Failure
C++ exception with description "Database EMP_DB is not found" thrown in the test body.
[0;31m[  FAILED  ] [mCatalogTests.DroppingTable (1 ms)
[0;32m[ RUN      ] [mCatalogTests.DroppingDatabase
unknown file: Failure
C++ exception with description "Drop Database: EMP_DB does not exist" thrown in the test body.
[0;31m[  FAILED  ] [mCatalogTests.DroppingDatabase (0 ms)
[0;32m[ RUN      ] [mCatalogTests.DroppingCatalog
[0;32m[       OK ] [mCatalogTests.DroppingCatalog (0 ms)
[0;32m[----------] [m7 tests from CatalogTests (207 ms total)

[0;32m[----------] [mGlobal test environment tear-down
[0;32m[==========] [m7 tests from 1 test case ran. (207 ms total)
[0;32m[  PASSED  ] [m1 test.
[0;31m[  FAILED  ] [m6 tests, listed below:
[0;31m[  FAILED  ] [mCatalogTests.BootstrappingCatalog
[0;31m[  FAILED  ] [mCatalogTests.CreatingDatabase
[0;31m[  FAILED  ] [mCatalogTests.CreatingTable
[0;31m[  FAILED  ] [mCatalogTests.TableObject
[0;31m[  FAILED  ] [mCatalogTests.DroppingTable
[0;31m[  FAILED  ] [mCatalogTests.DroppingDatabase

 6 FAILED TESTS
<end of output>
Test time =   0.57 sec
----------------------------------------------------------
Test Failed.
"catalog_test" end time: Apr 10 21:34 EDT
"catalog_test" time elapsed: 00:00:00
----------------------------------------------------------

8/175 Testing: constraints_test
8/175 Test: constraints_test
Command: "/Users/Alpha/Documents/s18/15721/peloton/testbuild/test/constraints_test" "--gtest_color=yes" "--gtest_output=xml:/Users/Alpha/Documents/s18/15721/peloton/testbuild/test/constraints_test.xml"
Directory: /Users/Alpha/Documents/s18/15721/peloton/testbuild/test
"constraints_test" start time: Apr 10 21:34 EDT
Output:
----------------------------------------------------------
Running main() from gmock_main.cc
[0;32m[==========] [mRunning 2 tests from 1 test case.
[0;32m[----------] [mGlobal test environment set-up.
[0;32m[----------] [m2 tests from ConstraintsTests
[0;32m[ RUN      ] [mConstraintsTests.NOTNULLTest
unknown file: Failure
C++ exception with description "Can't find Database default_database to create table" thrown in the test body.
[0;31m[  FAILED  ] [mConstraintsTests.NOTNULLTest (198 ms)
[0;32m[ RUN      ] [mConstraintsTests.DEFAULTTEST
unknown file: Failure
C++ exception with description "Can't find Database default_database to create table" thrown in the test body.
[0;31m[  FAILED  ] [mConstraintsTests.DEFAULTTEST (2 ms)
[0;32m[----------] [m2 tests from ConstraintsTests (200 ms total)

[0;32m[----------] [mGlobal test environment tear-down
[0;32m[==========] [m2 tests from 1 test case ran. (200 ms total)
[0;32m[  PASSED  ] [m0 tests.
[0;31m[  FAILED  ] [m2 tests, listed below:
[0;31m[  FAILED  ] [mConstraintsTests.NOTNULLTest
[0;31m[  FAILED  ] [mConstraintsTests.DEFAULTTEST

 2 FAILED TESTS
<end of output>
Test time =   0.57 sec
----------------------------------------------------------
Test Failed.
"constraints_test" end time: Apr 10 21:34 EDT
"constraints_test" time elapsed: 00:00:00
----------------------------------------------------------

9/175 Testing: manager_test
9/175 Test: manager_test
Command: "/Users/Alpha/Documents/s18/15721/peloton/testbuild/test/manager_test" "--gtest_color=yes" "--gtest_output=xml:/Users/Alpha/Documents/s18/15721/peloton/testbuild/test/manager_test.xml"
Directory: /Users/Alpha/Documents/s18/15721/peloton/testbuild/test
"manager_test" start time: Apr 10 21:34 EDT
Output:
----------------------------------------------------------
Running main() from gmock_main.cc
[0;32m[==========] [mRunning 1 test from 1 test case.
[0;32m[----------] [mGlobal test environment set-up.
[0;32m[----------] [m1 test from ManagerTests
[0;32m[ RUN      ] [mManagerTests.TransactionTest
2018-04-10 21:34:22 [test/catalog/manager_test.cpp:64:TestBody] INFO  - Catalog allocations :: 0
[0;32m[       OK ] [mManagerTests.TransactionTest (58 ms)
[0;32m[----------] [m1 test from ManagerTests (58 ms total)

[0;32m[----------] [mGlobal test environment tear-down
[0;32m[==========] [m1 test from 1 test case ran. (58 ms total)
[0;32m[  PASSED  ] [m1 test.
<end of output>
Test time =   0.36 sec
----------------------------------------------------------
Test Passed.
"manager_test" end time: Apr 10 21:34 EDT
"manager_test" time elapsed: 00:00:00
----------------------------------------------------------

10/175 Testing: tuple_schema_test
10/175 Test: tuple_schema_test
Command: "/Users/Alpha/Documents/s18/15721/peloton/testbuild/test/tuple_schema_test" "--gtest_color=yes" "--gtest_output=xml:/Users/Alpha/Documents/s18/15721/peloton/testbuild/test/tuple_schema_test.xml"
Directory: /Users/Alpha/Documents/s18/15721/peloton/testbuild/test
"tuple_schema_test" start time: Apr 10 21:34 EDT
Output:
----------------------------------------------------------
Running main() from gmock_main.cc
[0;32m[==========] [mRunning 3 tests from 1 test case.
[0;32m[----------] [mGlobal test environment set-up.
[0;32m[----------] [m3 tests from TupleSchemaTests
[0;32m[ RUN      ] [mTupleSchemaTests.ColumnInfoTest
[0;32m[       OK ] [mTupleSchemaTests.ColumnInfoTest (3 ms)
[0;32m[ RUN      ] [mTupleSchemaTests.TupleSchemaFilteringTest
2018-04-10 21:34:22 [test/catalog/tuple_schema_test.cpp:65:TestBody] INFO  - Schema[NumColumns:4, IsInlined:0, Length:17, UninlinedCount:1] :: (Column[A, INTEGER, Offset:0, FixedLength:4], Column[B, INTEGER, Offset:4, FixedLength:4], Column[C, TINYINT, Offset:8, FixedLength:1], Column[D, VARCHAR, Offset:9, VarLength:24])
2018-04-10 21:34:22 [test/catalog/tuple_schema_test.cpp:76:TestBody] INFO  - Schema[NumColumns:2, IsInlined:1, Length:5, UninlinedCount:0] :: (Column[A, INTEGER, Offset:0, FixedLength:4], Column[C, TINYINT, Offset:4, FixedLength:1])
2018-04-10 21:34:22 [test/catalog/tuple_schema_test.cpp:86:TestBody] INFO  - Schema[NumColumns:2, IsInlined:1, Length:5, UninlinedCount:0] :: (Column[A, INTEGER, Offset:0, FixedLength:4], Column[C, TINYINT, Offset:4, FixedLength:1])
2018-04-10 21:34:22 [test/catalog/tuple_schema_test.cpp:97:TestBody] INFO  - Schema[NumColumns:2, IsInlined:1, Length:5, UninlinedCount:0] :: (Column[A, INTEGER, Offset:0, FixedLength:4], Column[C, TINYINT, Offset:4, FixedLength:1])
[0;32m[       OK ] [mTupleSchemaTests.TupleSchemaFilteringTest (4 ms)
[0;32m[ RUN      ] [mTupleSchemaTests.TupleSchemaCopyTest
2018-04-10 21:34:22 [test/catalog/tuple_schema_test.cpp:136:TestBody] INFO  - Schema[NumColumns:2, IsInlined:1, Length:5, UninlinedCount:0] :: (Column[A, INTEGER, Offset:0, FixedLength:4], Column[C, TINYINT, Offset:4, FixedLength:1])
2018-04-10 21:34:22 [test/catalog/tuple_schema_test.cpp:146:TestBody] INFO  - Schema[NumColumns:2, IsInlined:1, Length:5, UninlinedCount:0] :: (Column[C, TINYINT, Offset:0, FixedLength:1], Column[A, INTEGER, Offset:1, FixedLength:4])
2018-04-10 21:34:22 [test/catalog/tuple_schema_test.cpp:157:TestBody] INFO  - Schema[NumColumns:12, IsInlined:1, Length:39, UninlinedCount:0] :: (Column[A, INTEGER, Offset:0, FixedLength:4], Column[A, INTEGER, Offset:4, FixedLength:4], Column[A, INTEGER, Offset:8, FixedLength:4], Column[A, INTEGER, Offset:12, FixedLength:4], Column[A, INTEGER, Offset:16, FixedLength:4], Column[A, INTEGER, Offset:20, FixedLength:4], Column[C, TINYINT, Offset:24, FixedLength:1], Column[A, INTEGER, Offset:25, FixedLength:4], Column[C, TINYINT, Offset:29, FixedLength:1], Column[A, INTEGER, Offset:30, FixedLength:4], Column[C, TINYINT, Offset:34, FixedLength:1], Column[B, INTEGER, Offset:35, FixedLength:4])
[0;32m[       OK ] [mTupleSchemaTests.TupleSchemaCopyTest (1 ms)
[0;32m[----------] [m3 tests from TupleSchemaTests (9 ms total)

[0;32m[----------] [mGlobal test environment tear-down
[0;32m[==========] [m3 tests from 1 test case ran. (10 ms total)
[0;32m[  PASSED  ] [m3 tests.
<end of output>
Test time =   0.26 sec
----------------------------------------------------------
Test Passed.
"tuple_schema_test" end time: Apr 10 21:34 EDT
"tuple_schema_test" time elapsed: 00:00:00
----------------------------------------------------------

11/175 Testing: block_nested_loop_join_translator_test
11/175 Test: block_nested_loop_join_translator_test
Command: "/Users/Alpha/Documents/s18/15721/peloton/testbuild/test/block_nested_loop_join_translator_test" "--gtest_color=yes" "--gtest_output=xml:/Users/Alpha/Documents/s18/15721/peloton/testbuild/test/block_nested_loop_join_translator_test.xml"
Directory: /Users/Alpha/Documents/s18/15721/peloton/testbuild/test
"block_nested_loop_join_translator_test" start time: Apr 10 21:34 EDT
Output:
----------------------------------------------------------
Running main() from gmock_main.cc
[0;32m[==========] [mRunning 2 tests from 1 test case.
[0;32m[----------] [mGlobal test environment set-up.
[0;32m[----------] [m2 tests from BlockNestedLoopJoinTranslatorTest
[0;32m[ RUN      ] [mBlockNestedLoopJoinTranslatorTest.SingleColumnEqualityJoin
unknown file: Failure
C++ exception with description "Database PELOTON_CODEGEN is not found" thrown in the test fixture's constructor.
[0;31m[  FAILED  ] [mBlockNestedLoopJoinTranslatorTest.SingleColumnEqualityJoin (227 ms)
[0;32m[ RUN      ] [mBlockNestedLoopJoinTranslatorTest.NonEqualityJoin
unknown file: Failure
C++ exception with description "Database PELOTON_CODEGEN is not found" thrown in the test fixture's constructor.
[0;31m[  FAILED  ] [mBlockNestedLoopJoinTranslatorTest.NonEqualityJoin (1 ms)
[0;32m[----------] [m2 tests from BlockNestedLoopJoinTranslatorTest (228 ms total)

[0;32m[----------] [mGlobal test environment tear-down
[0;32m[==========] [m2 tests from 1 test case ran. (229 ms total)
[0;32m[  PASSED  ] [m0 tests.
[0;31m[  FAILED  ] [m2 tests, listed below:
[0;31m[  FAILED  ] [mBlockNestedLoopJoinTranslatorTest.SingleColumnEqualityJoin
[0;31m[  FAILED  ] [mBlockNestedLoopJoinTranslatorTest.NonEqualityJoin

 2 FAILED TESTS
<end of output>
Test time =   0.58 sec
----------------------------------------------------------
Test Failed.
"block_nested_loop_join_translator_test" end time: Apr 10 21:34 EDT
"block_nested_loop_join_translator_test" time elapsed: 00:00:00
----------------------------------------------------------

12/175 Testing: bloom_filter_test
12/175 Test: bloom_filter_test
Command: "/Users/Alpha/Documents/s18/15721/peloton/testbuild/test/bloom_filter_test" "--gtest_color=yes" "--gtest_output=xml:/Users/Alpha/Documents/s18/15721/peloton/testbuild/test/bloom_filter_test.xml"
Directory: /Users/Alpha/Documents/s18/15721/peloton/testbuild/test
"bloom_filter_test" start time: Apr 10 21:34 EDT
Output:
----------------------------------------------------------
Running main() from gmock_main.cc
[0;32m[==========] [mRunning 2 tests from 1 test case.
[0;32m[----------] [mGlobal test environment set-up.
[0;32m[----------] [m2 tests from BloomFilterCodegenTest
[0;32m[ RUN      ] [mBloomFilterCodegenTest.FalsePositiveRateTest
=================================================================
==43828==ERROR: AddressSanitizer: container-overflow on address 0x604000010c11 at pc 0x000113a5fe0e bp 0x7fff5136e110 sp 0x7fff5136d8b8
WRITE of size 6 at 0x604000010c11 thread T0
    #0 0x113a5fe0d in wrap_memmove (libclang_rt.asan_osx_dynamic.dylib:x86_64h+0x1ae0d)
    #1 0x7fffb3d4f40f in std::__1::basic_string<char, std::__1::char_traits<char>, std::__1::allocator<char> >::__init(char const*, unsigned long) (libc++.1.dylib:x86_64+0x3d40f)
    #2 0x1113eaf7f in std::__1::enable_if<__is_forward_iterator<llvm::StringRef*>::value, void>::type std::__1::vector<std::__1::basic_string<char, std::__1::char_traits<char>, std::__1::allocator<char> >, std::__1::allocator<std::__1::basic_string<char, std::__1::char_traits<char>, std::__1::allocator<char> > > >::__construct_at_end<llvm::StringRef*>(llvm::StringRef*, llvm::StringRef*, unsigned long) (libpeloton-d.0.0.5.dylib:x86_64+0x2772f7f)
    #3 0x1113ea21c in llvm::SubtargetFeatures::SubtargetFeatures(llvm::StringRef) (libpeloton-d.0.0.5.dylib:x86_64+0x277221c)
    #4 0x1113e269f in llvm::MCSubtargetInfo::InitMCProcessorInfo(llvm::StringRef, llvm::StringRef) (libpeloton-d.0.0.5.dylib:x86_64+0x276a69f)
    #5 0x110da5feb in llvm::X86Subtarget::ParseSubtargetFeatures(llvm::StringRef, llvm::StringRef) (libpeloton-d.0.0.5.dylib:x86_64+0x212dfeb)
    #6 0x110da698c in llvm::X86Subtarget::initSubtargetFeatures(llvm::StringRef, llvm::StringRef) (libpeloton-d.0.0.5.dylib:x86_64+0x212e98c)
    #7 0x110da6f65 in llvm::X86Subtarget::X86Subtarget(llvm::Triple const&, std::__1::basic_string<char, std::__1::char_traits<char>, std::__1::allocator<char> > const&, std::__1::basic_string<char, std::__1::char_traits<char>, std::__1::allocator<char> > const&, llvm::X86TargetMachine const&, unsigned int) (libpeloton-d.0.0.5.dylib:x86_64+0x212ef65)
    #8 0x110da78e2 in llvm::X86TargetMachine::X86TargetMachine(llvm::Target const&, llvm::Triple const&, llvm::StringRef, llvm::StringRef, llvm::TargetOptions const&, llvm::Reloc::Model, llvm::CodeModel::Model, llvm::CodeGenOpt::Level) (libpeloton-d.0.0.5.dylib:x86_64+0x212f8e2)
    #9 0x110da8859 in llvm::RegisterTargetMachine<llvm::X86TargetMachine>::Allocator(llvm::Target const&, llvm::Triple const&, llvm::StringRef, llvm::StringRef, llvm::TargetOptions const&, llvm::Reloc::Model, llvm::CodeModel::Model, llvm::CodeGenOpt::Level) (libpeloton-d.0.0.5.dylib:x86_64+0x2130859)
    #10 0x110e7cfcf in llvm::Target::createTargetMachine(llvm::StringRef, llvm::StringRef, llvm::StringRef, llvm::TargetOptions const&, llvm::Reloc::Model, llvm::CodeModel::Model, llvm::CodeGenOpt::Level) const (libpeloton-d.0.0.5.dylib:x86_64+0x2204fcf)
    #11 0x110e7ce5f in llvm::EngineBuilder::selectTarget(llvm::Triple const&, llvm::StringRef, llvm::StringRef, llvm::SmallVectorImpl<std::__1::basic_string<char, std::__1::char_traits<char>, std::__1::allocator<char> > > const&) (libpeloton-d.0.0.5.dylib:x86_64+0x2204e5f)
    #12 0x110e7caa8 in llvm::EngineBuilder::selectTarget() (libpeloton-d.0.0.5.dylib:x86_64+0x2204aa8)
    #13 0x10f05ead8 in llvm::EngineBuilder::create() ExecutionEngine.h:631
    #14 0x10f05b368 in peloton::codegen::CodeContext::CodeContext() code_context.cpp:125
    #15 0x10f05eb84 in peloton::codegen::CodeContext::CodeContext() code_context.cpp:99
    #16 0x10e89262c in peloton::test::BloomFilterCodegenTest_FalsePositiveRateTest_Test::TestBody() bloom_filter_test.cpp:74
    #17 0x10ea2516e in void testing::internal::HandleSehExceptionsInMethodIfSupported<testing::Test, void>(testing::Test*, void (testing::Test::*)(), char const*) gmock-gtest-all.cc:3562
    #18 0x10e94b684 in void testing::internal::HandleExceptionsInMethodIfSupported<testing::Test, void>(testing::Test*, void (testing::Test::*)(), char const*) gmock-gtest-all.cc:3598
    #19 0x10e94b01f in testing::Test::Run() gmock-gtest-all.cc:3634
    #20 0x10e94f0b8 in testing::TestInfo::Run() gmock-gtest-all.cc:3810
    #21 0x10e953179 in testing::TestCase::Run() gmock-gtest-all.cc:3928
    #22 0x10e976441 in testing::internal::UnitTestImpl::RunAllTests() gmock-gtest-all.cc:5799
    #23 0x10ea31c39 in bool testing::internal::HandleSehExceptionsInMethodIfSupported<testing::internal::UnitTestImpl, bool>(testing::internal::UnitTestImpl*, bool (testing::internal::UnitTestImpl::*)(), char const*) gmock-gtest-all.cc:3562
    #24 0x10e97539b in bool testing::internal::HandleExceptionsInMethodIfSupported<testing::internal::UnitTestImpl, bool>(testing::internal::UnitTestImpl*, bool (testing::internal::UnitTestImpl::*)(), char const*) gmock-gtest-all.cc:3598
    #25 0x10e974e36 in testing::UnitTest::Run() gmock-gtest-all.cc:5410
    #26 0x10ea5fab0 in RUN_ALL_TESTS() gtest.h:20058
    #27 0x10ea5fa20 in main gmock_main.cc:53
    #28 0x7fffb5182234 in start (libdyld.dylib:x86_64+0x5234)

0x604000010c11 is located 1 bytes inside of 48-byte region [0x604000010c10,0x604000010c40)
allocated by thread T0 here:
    #0 0x113a9de9c in wrap_malloc (libclang_rt.asan_osx_dynamic.dylib:x86_64h+0x58e9c)
    #1 0x10f3f7b3c in peloton::do_allocation(unsigned long, bool) allocator.cpp:29
    #2 0x10f3f7be9 in operator new(unsigned long) allocator.cpp:42
    #3 0x10ea94126 in std::__1::vector<std::__1::basic_string<char, std::__1::char_traits<char>, std::__1::allocator<char> >, std::__1::allocator<std::__1::basic_string<char, std::__1::char_traits<char>, std::__1::allocator<char> > > >::allocate(unsigned long) new:226
    #4 0x1113eadb7 in std::__1::enable_if<(__is_forward_iterator<llvm::StringRef*>::value) && (is_constructible<std::__1::basic_string<char, std::__1::char_traits<char>, std::__1::allocator<char> >, std::__1::iterator_traits<llvm::StringRef*>::reference>::value), void>::type std::__1::vector<std::__1::basic_string<char, std::__1::char_traits<char>, std::__1::allocator<char> >, std::__1::allocator<std::__1::basic_string<char, std::__1::char_traits<char>, std::__1::allocator<char> > > >::assign<llvm::StringRef*>(llvm::StringRef*, llvm::StringRef*) (libpeloton-d.0.0.5.dylib:x86_64+0x2772db7)
    #5 0x1113ea21c in llvm::SubtargetFeatures::SubtargetFeatures(llvm::StringRef) (libpeloton-d.0.0.5.dylib:x86_64+0x277221c)
    #6 0x1113e269f in llvm::MCSubtargetInfo::InitMCProcessorInfo(llvm::StringRef, llvm::StringRef) (libpeloton-d.0.0.5.dylib:x86_64+0x276a69f)
    #7 0x110da5feb in llvm::X86Subtarget::ParseSubtargetFeatures(llvm::StringRef, llvm::StringRef) (libpeloton-d.0.0.5.dylib:x86_64+0x212dfeb)
    #8 0x110da698c in llvm::X86Subtarget::initSubtargetFeatures(llvm::StringRef, llvm::StringRef) (libpeloton-d.0.0.5.dylib:x86_64+0x212e98c)
    #9 0x110da6f65 in llvm::X86Subtarget::X86Subtarget(llvm::Triple const&, std::__1::basic_string<char, std::__1::char_traits<char>, std::__1::allocator<char> > const&, std::__1::basic_string<char, std::__1::char_traits<char>, std::__1::allocator<char> > const&, llvm::X86TargetMachine const&, unsigned int) (libpeloton-d.0.0.5.dylib:x86_64+0x212ef65)
    #10 0x110da78e2 in llvm::X86TargetMachine::X86TargetMachine(llvm::Target const&, llvm::Triple const&, llvm::StringRef, llvm::StringRef, llvm::TargetOptions const&, llvm::Reloc::Model, llvm::CodeModel::Model, llvm::CodeGenOpt::Level) (libpeloton-d.0.0.5.dylib:x86_64+0x212f8e2)
    #11 0x110da8859 in llvm::RegisterTargetMachine<llvm::X86TargetMachine>::Allocator(llvm::Target const&, llvm::Triple const&, llvm::StringRef, llvm::StringRef, llvm::TargetOptions const&, llvm::Reloc::Model, llvm::CodeModel::Model, llvm::CodeGenOpt::Level) (libpeloton-d.0.0.5.dylib:x86_64+0x2130859)
    #12 0x110e7cfcf in llvm::Target::createTargetMachine(llvm::StringRef, llvm::StringRef, llvm::StringRef, llvm::TargetOptions const&, llvm::Reloc::Model, llvm::CodeModel::Model, llvm::CodeGenOpt::Level) const (libpeloton-d.0.0.5.dylib:x86_64+0x2204fcf)
    #13 0x110e7ce5f in llvm::EngineBuilder::selectTarget(llvm::Triple const&, llvm::StringRef, llvm::StringRef, llvm::SmallVectorImpl<std::__1::basic_string<char, std::__1::char_traits<char>, std::__1::allocator<char> > > const&) (libpeloton-d.0.0.5.dylib:x86_64+0x2204e5f)
    #14 0x110e7caa8 in llvm::EngineBuilder::selectTarget() (libpeloton-d.0.0.5.dylib:x86_64+0x2204aa8)
    #15 0x10f05ead8 in llvm::EngineBuilder::create() ExecutionEngine.h:631
    #16 0x10f05b368 in peloton::codegen::CodeContext::CodeContext() code_context.cpp:125
    #17 0x10f05eb84 in peloton::codegen::CodeContext::CodeContext() code_context.cpp:99
    #18 0x10e89262c in peloton::test::BloomFilterCodegenTest_FalsePositiveRateTest_Test::TestBody() bloom_filter_test.cpp:74
    #19 0x10ea2516e in void testing::internal::HandleSehExceptionsInMethodIfSupported<testing::Test, void>(testing::Test*, void (testing::Test::*)(), char const*) gmock-gtest-all.cc:3562
    #20 0x10e94b684 in void testing::internal::HandleExceptionsInMethodIfSupported<testing::Test, void>(testing::Test*, void (testing::Test::*)(), char const*) gmock-gtest-all.cc:3598
    #21 0x10e94b01f in testing::Test::Run() gmock-gtest-all.cc:3634
    #22 0x10e94f0b8 in testing::TestInfo::Run() gmock-gtest-all.cc:3810
    #23 0x10e953179 in testing::TestCase::Run() gmock-gtest-all.cc:3928
    #24 0x10e976441 in testing::internal::UnitTestImpl::RunAllTests() gmock-gtest-all.cc:5799
    #25 0x10ea31c39 in bool testing::internal::HandleSehExceptionsInMethodIfSupported<testing::internal::UnitTestImpl, bool>(testing::internal::UnitTestImpl*, bool (testing::internal::UnitTestImpl::*)(), char const*) gmock-gtest-all.cc:3562
    #26 0x10e97539b in bool testing::internal::HandleExceptionsInMethodIfSupported<testing::internal::UnitTestImpl, bool>(testing::internal::UnitTestImpl*, bool (testing::internal::UnitTestImpl::*)(), char const*) gmock-gtest-all.cc:3598
    #27 0x10e974e36 in testing::UnitTest::Run() gmock-gtest-all.cc:5410
    #28 0x10ea5fab0 in RUN_ALL_TESTS() gtest.h:20058
    #29 0x10ea5fa20 in main gmock_main.cc:53

HINT: if you don't care about these errors you may set ASAN_OPTIONS=detect_container_overflow=0.
If you suspect a false positive see also: https://github.com/google/sanitizers/wiki/AddressSanitizerContainerOverflow.
SUMMARY: AddressSanitizer: container-overflow (libclang_rt.asan_osx_dynamic.dylib:x86_64h+0x1ae0d) in wrap_memmove
Shadow bytes around the buggy address:
  0x1c0800002130: fa fa fd fd fd fd fd fd fa fa fd fd fd fd fd fd
  0x1c0800002140: fa fa fd fd fd fd fd fd fa fa fd fd fd fd fd fd
  0x1c0800002150: fa fa 00 00 00 00 06 fa fa fa 00 00 00 00 00 fa
  0x1c0800002160: fa fa 00 00 00 00 00 00 fa fa fd fd fd fd fd fd
  0x1c0800002170: fa fa fd fd fd fd fd fd fa fa 00 00 00 00 00 00
=>0x1c0800002180: fa fa[fc]fc fc fc fc fc fa fa fa fa fa fa fa fa
  0x1c0800002190: fa fa fa fa fa fa fa fa fa fa fa fa fa fa fa fa
  0x1c08000021a0: fa fa fa fa fa fa fa fa fa fa fa fa fa fa fa fa
  0x1c08000021b0: fa fa fa fa fa fa fa fa fa fa fa fa fa fa fa fa
  0x1c08000021c0: fa fa fa fa fa fa fa fa fa fa fa fa fa fa fa fa
  0x1c08000021d0: fa fa fa fa fa fa fa fa fa fa fa fa fa fa fa fa
Shadow byte legend (one shadow byte represents 8 application bytes):
  Addressable:           00
  Partially addressable: 01 02 03 04 05 06 07 
  Heap left redzone:       fa
  Freed heap region:       fd
  Stack left redzone:      f1
  Stack mid redzone:       f2
  Stack right redzone:     f3
  Stack after return:      f5
  Stack use after scope:   f8
  Global redzone:          f9
  Global init order:       f6
  Poisoned by user:        f7
  Container overflow:      fc
  Array cookie:            ac
  Intra object redzone:    bb
  ASan internal:           fe
  Left alloca redzone:     ca
  Right alloca redzone:    cb
==43828==ABORTING
<end of output>
Test time =   5.96 sec
----------------------------------------------------------
Test Failed.
"bloom_filter_test" end time: Apr 10 21:34 EDT
"bloom_filter_test" time elapsed: 00:00:05
----------------------------------------------------------

13/175 Testing: case_translator_test
13/175 Test: case_translator_test
Command: "/Users/Alpha/Documents/s18/15721/peloton/testbuild/test/case_translator_test" "--gtest_color=yes" "--gtest_output=xml:/Users/Alpha/Documents/s18/15721/peloton/testbuild/test/case_translator_test.xml"
Directory: /Users/Alpha/Documents/s18/15721/peloton/testbuild/test
"case_translator_test" start time: Apr 10 21:34 EDT
Output:
----------------------------------------------------------
Running main() from gmock_main.cc
[0;32m[==========] [mRunning 2 tests from 1 test case.
[0;32m[----------] [mGlobal test environment set-up.
[0;32m[----------] [m2 tests from CaseTranslatorTest
[0;32m[ RUN      ] [mCaseTranslatorTest.SimpleCase
unknown file: Failure
C++ exception with description "Database PELOTON_CODEGEN is not found" thrown in the test fixture's constructor.
[0;31m[  FAILED  ] [mCaseTranslatorTest.SimpleCase (203 ms)
[0;32m[ RUN      ] [mCaseTranslatorTest.SimpleCaseMoreWhen
unknown file: Failure
C++ exception with description "Database PELOTON_CODEGEN is not found" thrown in the test fixture's constructor.
[0;31m[  FAILED  ] [mCaseTranslatorTest.SimpleCaseMoreWhen (1 ms)
[0;32m[----------] [m2 tests from CaseTranslatorTest (204 ms total)

[0;32m[----------] [mGlobal test environment tear-down
[0;32m[==========] [m2 tests from 1 test case ran. (204 ms total)
[0;32m[  PASSED  ] [m0 tests.
[0;31m[  FAILED  ] [m2 tests, listed below:
[0;31m[  FAILED  ] [mCaseTranslatorTest.SimpleCase
[0;31m[  FAILED  ] [mCaseTranslatorTest.SimpleCaseMoreWhen

 2 FAILED TESTS
<end of output>
Test time =   0.53 sec
----------------------------------------------------------
Test Failed.
"case_translator_test" end time: Apr 10 21:34 EDT
"case_translator_test" time elapsed: 00:00:00
----------------------------------------------------------

14/175 Testing: delete_translator_test
14/175 Test: delete_translator_test
Command: "/Users/Alpha/Documents/s18/15721/peloton/testbuild/test/delete_translator_test" "--gtest_color=yes" "--gtest_output=xml:/Users/Alpha/Documents/s18/15721/peloton/testbuild/test/delete_translator_test.xml"
Directory: /Users/Alpha/Documents/s18/15721/peloton/testbuild/test
"delete_translator_test" start time: Apr 10 21:34 EDT
Output:
----------------------------------------------------------
Running main() from gmock_main.cc
[0;32m[==========] [mRunning 4 tests from 1 test case.
[0;32m[----------] [mGlobal test environment set-up.
[0;32m[----------] [m4 tests from DeleteTranslatorTest
[0;32m[ RUN      ] [mDeleteTranslatorTest.DeleteAllTuples
unknown file: Failure
C++ exception with description "Database PELOTON_CODEGEN is not found" thrown in the test fixture's constructor.
[0;31m[  FAILED  ] [mDeleteTranslatorTest.DeleteAllTuples (244 ms)
[0;32m[ RUN      ] [mDeleteTranslatorTest.DeleteWithSimplePredicate
unknown file: Failure
C++ exception with description "Database PELOTON_CODEGEN is not found" thrown in the test fixture's constructor.
[0;31m[  FAILED  ] [mDeleteTranslatorTest.DeleteWithSimplePredicate (1 ms)
[0;32m[ RUN      ] [mDeleteTranslatorTest.DeleteWithCompositePredicate
unknown file: Failure
C++ exception with description "Database PELOTON_CODEGEN is not found" thrown in the test fixture's constructor.
[0;31m[  FAILED  ] [mDeleteTranslatorTest.DeleteWithCompositePredicate (1 ms)
[0;32m[ RUN      ] [mDeleteTranslatorTest.DeleteWithModuloPredicate
unknown file: Failure
C++ exception with description "Database PELOTON_CODEGEN is not found" thrown in the test fixture's constructor.
[0;31m[  FAILED  ] [mDeleteTranslatorTest.DeleteWithModuloPredicate (2 ms)
[0;32m[----------] [m4 tests from DeleteTranslatorTest (248 ms total)

[0;32m[----------] [mGlobal test environment tear-down
[0;32m[==========] [m4 tests from 1 test case ran. (249 ms total)
[0;32m[  PASSED  ] [m0 tests.
[0;31m[  FAILED  ] [m4 tests, listed below:
[0;31m[  FAILED  ] [mDeleteTranslatorTest.DeleteAllTuples
[0;31m[  FAILED  ] [mDeleteTranslatorTest.DeleteWithSimplePredicate
[0;31m[  FAILED  ] [mDeleteTranslatorTest.DeleteWithCompositePredicate
[0;31m[  FAILED  ] [mDeleteTranslatorTest.DeleteWithModuloPredicate

 4 FAILED TESTS
<end of output>
Test time =   0.66 sec
----------------------------------------------------------
Test Failed.
"delete_translator_test" end time: Apr 10 21:34 EDT
"delete_translator_test" time elapsed: 00:00:00
----------------------------------------------------------

15/175 Testing: function_builder_test
15/175 Test: function_builder_test
Command: "/Users/Alpha/Documents/s18/15721/peloton/testbuild/test/function_builder_test" "--gtest_color=yes" "--gtest_output=xml:/Users/Alpha/Documents/s18/15721/peloton/testbuild/test/function_builder_test.xml"
Directory: /Users/Alpha/Documents/s18/15721/peloton/testbuild/test
"function_builder_test" start time: Apr 10 21:34 EDT
Output:
----------------------------------------------------------
Running main() from gmock_main.cc
[0;32m[==========] [mRunning 2 tests from 1 test case.
[0;32m[----------] [mGlobal test environment set-up.
[0;32m[----------] [m2 tests from FunctionBuilderTest
[0;32m[ RUN      ] [mFunctionBuilderTest.ConstructSingleFunction
=================================================================
==43834==ERROR: AddressSanitizer: container-overflow on address 0x60400000db91 at pc 0x00010dfe9e0e bp 0x7fff56d63850 sp 0x7fff56d62ff8
WRITE of size 6 at 0x60400000db91 thread T0
    #0 0x10dfe9e0d in wrap_memmove (libclang_rt.asan_osx_dynamic.dylib:x86_64h+0x1ae0d)
    #1 0x7fffb3d4f40f in std::__1::basic_string<char, std::__1::char_traits<char>, std::__1::allocator<char> >::__init(char const*, unsigned long) (libc++.1.dylib:x86_64+0x3d40f)
    #2 0x10b8bff7f in std::__1::enable_if<__is_forward_iterator<llvm::StringRef*>::value, void>::type std::__1::vector<std::__1::basic_string<char, std::__1::char_traits<char>, std::__1::allocator<char> >, std::__1::allocator<std::__1::basic_string<char, std::__1::char_traits<char>, std::__1::allocator<char> > > >::__construct_at_end<llvm::StringRef*>(llvm::StringRef*, llvm::StringRef*, unsigned long) (libpeloton-d.0.0.5.dylib:x86_64+0x2772f7f)
    #3 0x10b8bf21c in llvm::SubtargetFeatures::SubtargetFeatures(llvm::StringRef) (libpeloton-d.0.0.5.dylib:x86_64+0x277221c)
    #4 0x10b8b769f in llvm::MCSubtargetInfo::InitMCProcessorInfo(llvm::StringRef, llvm::StringRef) (libpeloton-d.0.0.5.dylib:x86_64+0x276a69f)
    #5 0x10b27afeb in llvm::X86Subtarget::ParseSubtargetFeatures(llvm::StringRef, llvm::StringRef) (libpeloton-d.0.0.5.dylib:x86_64+0x212dfeb)
    #6 0x10b27b98c in llvm::X86Subtarget::initSubtargetFeatures(llvm::StringRef, llvm::StringRef) (libpeloton-d.0.0.5.dylib:x86_64+0x212e98c)
    #7 0x10b27bf65 in llvm::X86Subtarget::X86Subtarget(llvm::Triple const&, std::__1::basic_string<char, std::__1::char_traits<char>, std::__1::allocator<char> > const&, std::__1::basic_string<char, std::__1::char_traits<char>, std::__1::allocator<char> > const&, llvm::X86TargetMachine const&, unsigned int) (libpeloton-d.0.0.5.dylib:x86_64+0x212ef65)
    #8 0x10b27c8e2 in llvm::X86TargetMachine::X86TargetMachine(llvm::Target const&, llvm::Triple const&, llvm::StringRef, llvm::StringRef, llvm::TargetOptions const&, llvm::Reloc::Model, llvm::CodeModel::Model, llvm::CodeGenOpt::Level) (libpeloton-d.0.0.5.dylib:x86_64+0x212f8e2)
    #9 0x10b27d859 in llvm::RegisterTargetMachine<llvm::X86TargetMachine>::Allocator(llvm::Target const&, llvm::Triple const&, llvm::StringRef, llvm::StringRef, llvm::TargetOptions const&, llvm::Reloc::Model, llvm::CodeModel::Model, llvm::CodeGenOpt::Level) (libpeloton-d.0.0.5.dylib:x86_64+0x2130859)
    #10 0x10b351fcf in llvm::Target::createTargetMachine(llvm::StringRef, llvm::StringRef, llvm::StringRef, llvm::TargetOptions const&, llvm::Reloc::Model, llvm::CodeModel::Model, llvm::CodeGenOpt::Level) const (libpeloton-d.0.0.5.dylib:x86_64+0x2204fcf)
    #11 0x10b351e5f in llvm::EngineBuilder::selectTarget(llvm::Triple const&, llvm::StringRef, llvm::StringRef, llvm::SmallVectorImpl<std::__1::basic_string<char, std::__1::char_traits<char>, std::__1::allocator<char> > > const&) (libpeloton-d.0.0.5.dylib:x86_64+0x2204e5f)
    #12 0x10b351aa8 in llvm::EngineBuilder::selectTarget() (libpeloton-d.0.0.5.dylib:x86_64+0x2204aa8)
    #13 0x109533ad8 in llvm::EngineBuilder::create() ExecutionEngine.h:631
    #14 0x109530368 in peloton::codegen::CodeContext::CodeContext() code_context.cpp:125
    #15 0x109533b84 in peloton::codegen::CodeContext::CodeContext() code_context.cpp:99
    #16 0x108e9f736 in peloton::test::FunctionBuilderTest_ConstructSingleFunction_Test::TestBody() function_builder_test.cpp:31
    #17 0x108fe8aee in void testing::internal::HandleSehExceptionsInMethodIfSupported<testing::Test, void>(testing::Test*, void (testing::Test::*)(), char const*) gmock-gtest-all.cc:3562
    #18 0x108f09d44 in void testing::internal::HandleExceptionsInMethodIfSupported<testing::Test, void>(testing::Test*, void (testing::Test::*)(), char const*) gmock-gtest-all.cc:3598
    #19 0x108f096df in testing::Test::Run() gmock-gtest-all.cc:3634
    #20 0x108f0d778 in testing::TestInfo::Run() gmock-gtest-all.cc:3810
    #21 0x108f11859 in testing::TestCase::Run() gmock-gtest-all.cc:3928
    #22 0x108f34b71 in testing::internal::UnitTestImpl::RunAllTests() gmock-gtest-all.cc:5799
    #23 0x108ff86a9 in bool testing::internal::HandleSehExceptionsInMethodIfSupported<testing::internal::UnitTestImpl, bool>(testing::internal::UnitTestImpl*, bool (testing::internal::UnitTestImpl::*)(), char const*) gmock-gtest-all.cc:3562
    #24 0x108f33acb in bool testing::internal::HandleExceptionsInMethodIfSupported<testing::internal::UnitTestImpl, bool>(testing::internal::UnitTestImpl*, bool (testing::internal::UnitTestImpl::*)(), char const*) gmock-gtest-all.cc:3598
    #25 0x108f33566 in testing::UnitTest::Run() gmock-gtest-all.cc:5410
    #26 0x109026520 in RUN_ALL_TESTS() gtest.h:20058
    #27 0x109026490 in main gmock_main.cc:53
    #28 0x7fffb5182234 in start (libdyld.dylib:x86_64+0x5234)

0x60400000db91 is located 1 bytes inside of 48-byte region [0x60400000db90,0x60400000dbc0)
allocated by thread T0 here:
    #0 0x10e027e9c in wrap_malloc (libclang_rt.asan_osx_dynamic.dylib:x86_64h+0x58e9c)
    #1 0x1098ccb3c in peloton::do_allocation(unsigned long, bool) allocator.cpp:29
    #2 0x1098ccbe9 in operator new(unsigned long) allocator.cpp:42
    #3 0x108fa08b6 in std::__1::vector<std::__1::basic_string<char, std::__1::char_traits<char>, std::__1::allocator<char> >, std::__1::allocator<std::__1::basic_string<char, std::__1::char_traits<char>, std::__1::allocator<char> > > >::allocate(unsigned long) new:226
    #4 0x10b8bfdb7 in std::__1::enable_if<(__is_forward_iterator<llvm::StringRef*>::value) && (is_constructible<std::__1::basic_string<char, std::__1::char_traits<char>, std::__1::allocator<char> >, std::__1::iterator_traits<llvm::StringRef*>::reference>::value), void>::type std::__1::vector<std::__1::basic_string<char, std::__1::char_traits<char>, std::__1::allocator<char> >, std::__1::allocator<std::__1::basic_string<char, std::__1::char_traits<char>, std::__1::allocator<char> > > >::assign<llvm::StringRef*>(llvm::StringRef*, llvm::StringRef*) (libpeloton-d.0.0.5.dylib:x86_64+0x2772db7)
    #5 0x10b8bf21c in llvm::SubtargetFeatures::SubtargetFeatures(llvm::StringRef) (libpeloton-d.0.0.5.dylib:x86_64+0x277221c)
    #6 0x10b8b769f in llvm::MCSubtargetInfo::InitMCProcessorInfo(llvm::StringRef, llvm::StringRef) (libpeloton-d.0.0.5.dylib:x86_64+0x276a69f)
    #7 0x10b27afeb in llvm::X86Subtarget::ParseSubtargetFeatures(llvm::StringRef, llvm::StringRef) (libpeloton-d.0.0.5.dylib:x86_64+0x212dfeb)
    #8 0x10b27b98c in llvm::X86Subtarget::initSubtargetFeatures(llvm::StringRef, llvm::StringRef) (libpeloton-d.0.0.5.dylib:x86_64+0x212e98c)
    #9 0x10b27bf65 in llvm::X86Subtarget::X86Subtarget(llvm::Triple const&, std::__1::basic_string<char, std::__1::char_traits<char>, std::__1::allocator<char> > const&, std::__1::basic_string<char, std::__1::char_traits<char>, std::__1::allocator<char> > const&, llvm::X86TargetMachine const&, unsigned int) (libpeloton-d.0.0.5.dylib:x86_64+0x212ef65)
    #10 0x10b27c8e2 in llvm::X86TargetMachine::X86TargetMachine(llvm::Target const&, llvm::Triple const&, llvm::StringRef, llvm::StringRef, llvm::TargetOptions const&, llvm::Reloc::Model, llvm::CodeModel::Model, llvm::CodeGenOpt::Level) (libpeloton-d.0.0.5.dylib:x86_64+0x212f8e2)
    #11 0x10b27d859 in llvm::RegisterTargetMachine<llvm::X86TargetMachine>::Allocator(llvm::Target const&, llvm::Triple const&, llvm::StringRef, llvm::StringRef, llvm::TargetOptions const&, llvm::Reloc::Model, llvm::CodeModel::Model, llvm::CodeGenOpt::Level) (libpeloton-d.0.0.5.dylib:x86_64+0x2130859)
    #12 0x10b351fcf in llvm::Target::createTargetMachine(llvm::StringRef, llvm::StringRef, llvm::StringRef, llvm::TargetOptions const&, llvm::Reloc::Model, llvm::CodeModel::Model, llvm::CodeGenOpt::Level) const (libpeloton-d.0.0.5.dylib:x86_64+0x2204fcf)
    #13 0x10b351e5f in llvm::EngineBuilder::selectTarget(llvm::Triple const&, llvm::StringRef, llvm::StringRef, llvm::SmallVectorImpl<std::__1::basic_string<char, std::__1::char_traits<char>, std::__1::allocator<char> > > const&) (libpeloton-d.0.0.5.dylib:x86_64+0x2204e5f)
    #14 0x10b351aa8 in llvm::EngineBuilder::selectTarget() (libpeloton-d.0.0.5.dylib:x86_64+0x2204aa8)
    #15 0x109533ad8 in llvm::EngineBuilder::create() ExecutionEngine.h:631
    #16 0x109530368 in peloton::codegen::CodeContext::CodeContext() code_context.cpp:125
    #17 0x109533b84 in peloton::codegen::CodeContext::CodeContext() code_context.cpp:99
    #18 0x108e9f736 in peloton::test::FunctionBuilderTest_ConstructSingleFunction_Test::TestBody() function_builder_test.cpp:31
    #19 0x108fe8aee in void testing::internal::HandleSehExceptionsInMethodIfSupported<testing::Test, void>(testing::Test*, void (testing::Test::*)(), char const*) gmock-gtest-all.cc:3562
    #20 0x108f09d44 in void testing::internal::HandleExceptionsInMethodIfSupported<testing::Test, void>(testing::Test*, void (testing::Test::*)(), char const*) gmock-gtest-all.cc:3598
    #21 0x108f096df in testing::Test::Run() gmock-gtest-all.cc:3634
    #22 0x108f0d778 in testing::TestInfo::Run() gmock-gtest-all.cc:3810
    #23 0x108f11859 in testing::TestCase::Run() gmock-gtest-all.cc:3928
    #24 0x108f34b71 in testing::internal::UnitTestImpl::RunAllTests() gmock-gtest-all.cc:5799
    #25 0x108ff86a9 in bool testing::internal::HandleSehExceptionsInMethodIfSupported<testing::internal::UnitTestImpl, bool>(testing::internal::UnitTestImpl*, bool (testing::internal::UnitTestImpl::*)(), char const*) gmock-gtest-all.cc:3562
    #26 0x108f33acb in bool testing::internal::HandleExceptionsInMethodIfSupported<testing::internal::UnitTestImpl, bool>(testing::internal::UnitTestImpl*, bool (testing::internal::UnitTestImpl::*)(), char const*) gmock-gtest-all.cc:3598
    #27 0x108f33566 in testing::UnitTest::Run() gmock-gtest-all.cc:5410
    #28 0x109026520 in RUN_ALL_TESTS() gtest.h:20058
    #29 0x109026490 in main gmock_main.cc:53

HINT: if you don't care about these errors you may set ASAN_OPTIONS=detect_container_overflow=0.
If you suspect a false positive see also: https://github.com/google/sanitizers/wiki/AddressSanitizerContainerOverflow.
SUMMARY: AddressSanitizer: container-overflow (libclang_rt.asan_osx_dynamic.dylib:x86_64h+0x1ae0d) in wrap_memmove
Shadow bytes around the buggy address:
  0x1c0800001b20: fa fa fd fd fd fd fd fd fa fa fd fd fd fd fd fd
  0x1c0800001b30: fa fa fd fd fd fd fd fd fa fa fd fd fd fd fd fd
  0x1c0800001b40: fa fa 00 00 00 00 06 fa fa fa 00 00 00 00 00 fa
  0x1c0800001b50: fa fa 00 00 00 00 00 00 fa fa fd fd fd fd fd fd
  0x1c0800001b60: fa fa fd fd fd fd fd fd fa fa 00 00 00 00 00 00
=>0x1c0800001b70: fa fa[fc]fc fc fc fc fc fa fa fa fa fa fa fa fa
  0x1c0800001b80: fa fa fa fa fa fa fa fa fa fa fa fa fa fa fa fa
  0x1c0800001b90: fa fa fa fa fa fa fa fa fa fa fa fa fa fa fa fa
  0x1c0800001ba0: fa fa fa fa fa fa fa fa fa fa fa fa fa fa fa fa
  0x1c0800001bb0: fa fa fa fa fa fa fa fa fa fa fa fa fa fa fa fa
  0x1c0800001bc0: fa fa fa fa fa fa fa fa fa fa fa fa fa fa fa fa
Shadow byte legend (one shadow byte represents 8 application bytes):
  Addressable:           00
  Partially addressable: 01 02 03 04 05 06 07 
  Heap left redzone:       fa
  Freed heap region:       fd
  Stack left redzone:      f1
  Stack mid redzone:       f2
  Stack right redzone:     f3
  Stack after return:      f5
  Stack use after scope:   f8
  Global redzone:          f9
  Global init order:       f6
  Poisoned by user:        f7
  Container overflow:      fc
  Array cookie:            ac
  Intra object redzone:    bb
  ASan internal:           fe
  Left alloca redzone:     ca
  Right alloca redzone:    cb
==43834==ABORTING
<end of output>
Test time =   3.74 sec
----------------------------------------------------------
Test Failed.
"function_builder_test" end time: Apr 10 21:34 EDT
"function_builder_test" time elapsed: 00:00:03
----------------------------------------------------------

16/175 Testing: group_by_translator_test
16/175 Test: group_by_translator_test
Command: "/Users/Alpha/Documents/s18/15721/peloton/testbuild/test/group_by_translator_test" "--gtest_color=yes" "--gtest_output=xml:/Users/Alpha/Documents/s18/15721/peloton/testbuild/test/group_by_translator_test.xml"
Directory: /Users/Alpha/Documents/s18/15721/peloton/testbuild/test
"group_by_translator_test" start time: Apr 10 21:34 EDT
Output:
----------------------------------------------------------
Running main() from gmock_main.cc
[0;32m[==========] [mRunning 7 tests from 1 test case.
[0;32m[----------] [mGlobal test environment set-up.
[0;32m[----------] [m7 tests from GroupByTranslatorTest
[0;32m[ RUN      ] [mGroupByTranslatorTest.SingleColumnGrouping
unknown file: Failure
C++ exception with description "Database PELOTON_CODEGEN is not found" thrown in the test fixture's constructor.
[0;31m[  FAILED  ] [mGroupByTranslatorTest.SingleColumnGrouping (245 ms)
[0;32m[ RUN      ] [mGroupByTranslatorTest.MultiColumnGrouping
unknown file: Failure
C++ exception with description "Database PELOTON_CODEGEN is not found" thrown in the test fixture's constructor.
[0;31m[  FAILED  ] [mGroupByTranslatorTest.MultiColumnGrouping (1 ms)
[0;32m[ RUN      ] [mGroupByTranslatorTest.AverageAggregation
unknown file: Failure
C++ exception with description "Database PELOTON_CODEGEN is not found" thrown in the test fixture's constructor.
[0;31m[  FAILED  ] [mGroupByTranslatorTest.AverageAggregation (1 ms)
[0;32m[ RUN      ] [mGroupByTranslatorTest.AggregationWithOutputPredicate
unknown file: Failure
C++ exception with description "Database PELOTON_CODEGEN is not found" thrown in the test fixture's constructor.
[0;31m[  FAILED  ] [mGroupByTranslatorTest.AggregationWithOutputPredicate (1 ms)
[0;32m[ RUN      ] [mGroupByTranslatorTest.AggregationWithInputPredciate
unknown file: Failure
C++ exception with description "Database PELOTON_CODEGEN is not found" thrown in the test fixture's constructor.
[0;31m[  FAILED  ] [mGroupByTranslatorTest.AggregationWithInputPredciate (0 ms)
[0;32m[ RUN      ] [mGroupByTranslatorTest.SingleCountStar
unknown file: Failure
C++ exception with description "Database PELOTON_CODEGEN is not found" thrown in the test fixture's constructor.
[0;31m[  FAILED  ] [mGroupByTranslatorTest.SingleCountStar (1 ms)
[0;32m[ RUN      ] [mGroupByTranslatorTest.MinAndMax
unknown file: Failure
C++ exception with description "Database PELOTON_CODEGEN is not found" thrown in the test fixture's constructor.
[0;31m[  FAILED  ] [mGroupByTranslatorTest.MinAndMax (1 ms)
[0;32m[----------] [m7 tests from GroupByTranslatorTest (250 ms total)

[0;32m[----------] [mGlobal test environment tear-down
[0;32m[==========] [m7 tests from 1 test case ran. (251 ms total)
[0;32m[  PASSED  ] [m0 tests.
[0;31m[  FAILED  ] [m7 tests, listed below:
[0;31m[  FAILED  ] [mGroupByTranslatorTest.SingleColumnGrouping
[0;31m[  FAILED  ] [mGroupByTranslatorTest.MultiColumnGrouping
[0;31m[  FAILED  ] [mGroupByTranslatorTest.AverageAggregation
[0;31m[  FAILED  ] [mGroupByTranslatorTest.AggregationWithOutputPredicate
[0;31m[  FAILED  ] [mGroupByTranslatorTest.AggregationWithInputPredciate
[0;31m[  FAILED  ] [mGroupByTranslatorTest.SingleCountStar
[0;31m[  FAILED  ] [mGroupByTranslatorTest.MinAndMax

 7 FAILED TESTS
<end of output>
Test time =   0.70 sec
----------------------------------------------------------
Test Failed.
"group_by_translator_test" end time: Apr 10 21:34 EDT
"group_by_translator_test" time elapsed: 00:00:00
----------------------------------------------------------

17/175 Testing: hash_join_translator_test
17/175 Test: hash_join_translator_test
Command: "/Users/Alpha/Documents/s18/15721/peloton/testbuild/test/hash_join_translator_test" "--gtest_color=yes" "--gtest_output=xml:/Users/Alpha/Documents/s18/15721/peloton/testbuild/test/hash_join_translator_test.xml"
Directory: /Users/Alpha/Documents/s18/15721/peloton/testbuild/test
"hash_join_translator_test" start time: Apr 10 21:34 EDT
Output:
----------------------------------------------------------
Running main() from gmock_main.cc
[0;32m[==========] [mRunning 1 test from 1 test case.
[0;32m[----------] [mGlobal test environment set-up.
[0;32m[----------] [m1 test from HashJoinTranslatorTest
[0;32m[ RUN      ] [mHashJoinTranslatorTest.SingleHashJoinColumnTest
unknown file: Failure
C++ exception with description "Database PELOTON_CODEGEN is not found" thrown in the test fixture's constructor.
[0;31m[  FAILED  ] [mHashJoinTranslatorTest.SingleHashJoinColumnTest (216 ms)
[0;32m[----------] [m1 test from HashJoinTranslatorTest (216 ms total)

[0;32m[----------] [mGlobal test environment tear-down
[0;32m[==========] [m1 test from 1 test case ran. (216 ms total)
[0;32m[  PASSED  ] [m0 tests.
[0;31m[  FAILED  ] [m1 test, listed below:
[0;31m[  FAILED  ] [mHashJoinTranslatorTest.SingleHashJoinColumnTest

 1 FAILED TEST
<end of output>
Test time =   0.73 sec
----------------------------------------------------------
Test Failed.
"hash_join_translator_test" end time: Apr 10 21:34 EDT
"hash_join_translator_test" time elapsed: 00:00:00
----------------------------------------------------------

18/175 Testing: if_test
18/175 Test: if_test
Command: "/Users/Alpha/Documents/s18/15721/peloton/testbuild/test/if_test" "--gtest_color=yes" "--gtest_output=xml:/Users/Alpha/Documents/s18/15721/peloton/testbuild/test/if_test.xml"
Directory: /Users/Alpha/Documents/s18/15721/peloton/testbuild/test
"if_test" start time: Apr 10 21:34 EDT
Output:
----------------------------------------------------------
Running main() from gmock_main.cc
[0;32m[==========] [mRunning 4 tests from 1 test case.
[0;32m[----------] [mGlobal test environment set-up.
[0;32m[----------] [m4 tests from IfTest
[0;32m[ RUN      ] [mIfTest.TestIfOnly
=================================================================
==43839==ERROR: AddressSanitizer: container-overflow on address 0x60400000db51 at pc 0x0001025dee0e bp 0x7fff5dcccc10 sp 0x7fff5dccc3b8
WRITE of size 6 at 0x60400000db51 thread T0
    #0 0x1025dee0d in wrap_memmove (libclang_rt.asan_osx_dynamic.dylib:x86_64h+0x1ae0d)
    #1 0x7fffb3d4f40f in std::__1::basic_string<char, std::__1::char_traits<char>, std::__1::allocator<char> >::__init(char const*, unsigned long) (libc++.1.dylib:x86_64+0x3d40f)
    #2 0x107541f7f in std::__1::enable_if<__is_forward_iterator<llvm::StringRef*>::value, void>::type std::__1::vector<std::__1::basic_string<char, std::__1::char_traits<char>, std::__1::allocator<char> >, std::__1::allocator<std::__1::basic_string<char, std::__1::char_traits<char>, std::__1::allocator<char> > > >::__construct_at_end<llvm::StringRef*>(llvm::StringRef*, llvm::StringRef*, unsigned long) (libpeloton-d.0.0.5.dylib:x86_64+0x2772f7f)
    #3 0x10754121c in llvm::SubtargetFeatures::SubtargetFeatures(llvm::StringRef) (libpeloton-d.0.0.5.dylib:x86_64+0x277221c)
    #4 0x10753969f in llvm::MCSubtargetInfo::InitMCProcessorInfo(llvm::StringRef, llvm::StringRef) (libpeloton-d.0.0.5.dylib:x86_64+0x276a69f)
    #5 0x106efcfeb in llvm::X86Subtarget::ParseSubtargetFeatures(llvm::StringRef, llvm::StringRef) (libpeloton-d.0.0.5.dylib:x86_64+0x212dfeb)
    #6 0x106efd98c in llvm::X86Subtarget::initSubtargetFeatures(llvm::StringRef, llvm::StringRef) (libpeloton-d.0.0.5.dylib:x86_64+0x212e98c)
    #7 0x106efdf65 in llvm::X86Subtarget::X86Subtarget(llvm::Triple const&, std::__1::basic_string<char, std::__1::char_traits<char>, std::__1::allocator<char> > const&, std::__1::basic_string<char, std::__1::char_traits<char>, std::__1::allocator<char> > const&, llvm::X86TargetMachine const&, unsigned int) (libpeloton-d.0.0.5.dylib:x86_64+0x212ef65)
    #8 0x106efe8e2 in llvm::X86TargetMachine::X86TargetMachine(llvm::Target const&, llvm::Triple const&, llvm::StringRef, llvm::StringRef, llvm::TargetOptions const&, llvm::Reloc::Model, llvm::CodeModel::Model, llvm::CodeGenOpt::Level) (libpeloton-d.0.0.5.dylib:x86_64+0x212f8e2)
    #9 0x106eff859 in llvm::RegisterTargetMachine<llvm::X86TargetMachine>::Allocator(llvm::Target const&, llvm::Triple const&, llvm::StringRef, llvm::StringRef, llvm::TargetOptions const&, llvm::Reloc::Model, llvm::CodeModel::Model, llvm::CodeGenOpt::Level) (libpeloton-d.0.0.5.dylib:x86_64+0x2130859)
    #10 0x106fd3fcf in llvm::Target::createTargetMachine(llvm::StringRef, llvm::StringRef, llvm::StringRef, llvm::TargetOptions const&, llvm::Reloc::Model, llvm::CodeModel::Model, llvm::CodeGenOpt::Level) const (libpeloton-d.0.0.5.dylib:x86_64+0x2204fcf)
    #11 0x106fd3e5f in llvm::EngineBuilder::selectTarget(llvm::Triple const&, llvm::StringRef, llvm::StringRef, llvm::SmallVectorImpl<std::__1::basic_string<char, std::__1::char_traits<char>, std::__1::allocator<char> > > const&) (libpeloton-d.0.0.5.dylib:x86_64+0x2204e5f)
    #12 0x106fd3aa8 in llvm::EngineBuilder::selectTarget() (libpeloton-d.0.0.5.dylib:x86_64+0x2204aa8)
    #13 0x1051b5ad8 in llvm::EngineBuilder::create() ExecutionEngine.h:631
    #14 0x1051b2368 in peloton::codegen::CodeContext::CodeContext() code_context.cpp:125
    #15 0x1051b5b84 in peloton::codegen::CodeContext::CodeContext() code_context.cpp:99
    #16 0x101f360fa in peloton::test::IfTest_TestIfOnly_Test::TestBody() if_test.cpp:40
    #17 0x1020a98ce in void testing::internal::HandleSehExceptionsInMethodIfSupported<testing::Test, void>(testing::Test*, void (testing::Test::*)(), char const*) gmock-gtest-all.cc:3562
    #18 0x101fcab24 in void testing::internal::HandleExceptionsInMethodIfSupported<testing::Test, void>(testing::Test*, void (testing::Test::*)(), char const*) gmock-gtest-all.cc:3598
    #19 0x101fca4bf in testing::Test::Run() gmock-gtest-all.cc:3634
    #20 0x101fce558 in testing::TestInfo::Run() gmock-gtest-all.cc:3810
    #21 0x101fd2639 in testing::TestCase::Run() gmock-gtest-all.cc:3928
    #22 0x101ff5951 in testing::internal::UnitTestImpl::RunAllTests() gmock-gtest-all.cc:5799
    #23 0x1020b9489 in bool testing::internal::HandleSehExceptionsInMethodIfSupported<testing::internal::UnitTestImpl, bool>(testing::internal::UnitTestImpl*, bool (testing::internal::UnitTestImpl::*)(), char const*) gmock-gtest-all.cc:3562
    #24 0x101ff48ab in bool testing::internal::HandleExceptionsInMethodIfSupported<testing::internal::UnitTestImpl, bool>(testing::internal::UnitTestImpl*, bool (testing::internal::UnitTestImpl::*)(), char const*) gmock-gtest-all.cc:3598
    #25 0x101ff4346 in testing::UnitTest::Run() gmock-gtest-all.cc:5410
    #26 0x1020e7300 in RUN_ALL_TESTS() gtest.h:20058
    #27 0x1020e7270 in main gmock_main.cc:53
    #28 0x7fffb5182234 in start (libdyld.dylib:x86_64+0x5234)

0x60400000db51 is located 1 bytes inside of 48-byte region [0x60400000db50,0x60400000db80)
allocated by thread T0 here:
    #0 0x10261ce9c in wrap_malloc (libclang_rt.asan_osx_dynamic.dylib:x86_64h+0x58e9c)
    #1 0x10554eb3c in peloton::do_allocation(unsigned long, bool) allocator.cpp:29
    #2 0x10554ebe9 in operator new(unsigned long) allocator.cpp:42
    #3 0x102061696 in std::__1::vector<std::__1::basic_string<char, std::__1::char_traits<char>, std::__1::allocator<char> >, std::__1::allocator<std::__1::basic_string<char, std::__1::char_traits<char>, std::__1::allocator<char> > > >::allocate(unsigned long) new:226
    #4 0x107541db7 in std::__1::enable_if<(__is_forward_iterator<llvm::StringRef*>::value) && (is_constructible<std::__1::basic_string<char, std::__1::char_traits<char>, std::__1::allocator<char> >, std::__1::iterator_traits<llvm::StringRef*>::reference>::value), void>::type std::__1::vector<std::__1::basic_string<char, std::__1::char_traits<char>, std::__1::allocator<char> >, std::__1::allocator<std::__1::basic_string<char, std::__1::char_traits<char>, std::__1::allocator<char> > > >::assign<llvm::StringRef*>(llvm::StringRef*, llvm::StringRef*) (libpeloton-d.0.0.5.dylib:x86_64+0x2772db7)
    #5 0x10754121c in llvm::SubtargetFeatures::SubtargetFeatures(llvm::StringRef) (libpeloton-d.0.0.5.dylib:x86_64+0x277221c)
    #6 0x10753969f in llvm::MCSubtargetInfo::InitMCProcessorInfo(llvm::StringRef, llvm::StringRef) (libpeloton-d.0.0.5.dylib:x86_64+0x276a69f)
    #7 0x106efcfeb in llvm::X86Subtarget::ParseSubtargetFeatures(llvm::StringRef, llvm::StringRef) (libpeloton-d.0.0.5.dylib:x86_64+0x212dfeb)
    #8 0x106efd98c in llvm::X86Subtarget::initSubtargetFeatures(llvm::StringRef, llvm::StringRef) (libpeloton-d.0.0.5.dylib:x86_64+0x212e98c)
    #9 0x106efdf65 in llvm::X86Subtarget::X86Subtarget(llvm::Triple const&, std::__1::basic_string<char, std::__1::char_traits<char>, std::__1::allocator<char> > const&, std::__1::basic_string<char, std::__1::char_traits<char>, std::__1::allocator<char> > const&, llvm::X86TargetMachine const&, unsigned int) (libpeloton-d.0.0.5.dylib:x86_64+0x212ef65)
    #10 0x106efe8e2 in llvm::X86TargetMachine::X86TargetMachine(llvm::Target const&, llvm::Triple const&, llvm::StringRef, llvm::StringRef, llvm::TargetOptions const&, llvm::Reloc::Model, llvm::CodeModel::Model, llvm::CodeGenOpt::Level) (libpeloton-d.0.0.5.dylib:x86_64+0x212f8e2)
    #11 0x106eff859 in llvm::RegisterTargetMachine<llvm::X86TargetMachine>::Allocator(llvm::Target const&, llvm::Triple const&, llvm::StringRef, llvm::StringRef, llvm::TargetOptions const&, llvm::Reloc::Model, llvm::CodeModel::Model, llvm::CodeGenOpt::Level) (libpeloton-d.0.0.5.dylib:x86_64+0x2130859)
    #12 0x106fd3fcf in llvm::Target::createTargetMachine(llvm::StringRef, llvm::StringRef, llvm::StringRef, llvm::TargetOptions const&, llvm::Reloc::Model, llvm::CodeModel::Model, llvm::CodeGenOpt::Level) const (libpeloton-d.0.0.5.dylib:x86_64+0x2204fcf)
    #13 0x106fd3e5f in llvm::EngineBuilder::selectTarget(llvm::Triple const&, llvm::StringRef, llvm::StringRef, llvm::SmallVectorImpl<std::__1::basic_string<char, std::__1::char_traits<char>, std::__1::allocator<char> > > const&) (libpeloton-d.0.0.5.dylib:x86_64+0x2204e5f)
    #14 0x106fd3aa8 in llvm::EngineBuilder::selectTarget() (libpeloton-d.0.0.5.dylib:x86_64+0x2204aa8)
    #15 0x1051b5ad8 in llvm::EngineBuilder::create() ExecutionEngine.h:631
    #16 0x1051b2368 in peloton::codegen::CodeContext::CodeContext() code_context.cpp:125
    #17 0x1051b5b84 in peloton::codegen::CodeContext::CodeContext() code_context.cpp:99
    #18 0x101f360fa in peloton::test::IfTest_TestIfOnly_Test::TestBody() if_test.cpp:40
    #19 0x1020a98ce in void testing::internal::HandleSehExceptionsInMethodIfSupported<testing::Test, void>(testing::Test*, void (testing::Test::*)(), char const*) gmock-gtest-all.cc:3562
    #20 0x101fcab24 in void testing::internal::HandleExceptionsInMethodIfSupported<testing::Test, void>(testing::Test*, void (testing::Test::*)(), char const*) gmock-gtest-all.cc:3598
    #21 0x101fca4bf in testing::Test::Run() gmock-gtest-all.cc:3634
    #22 0x101fce558 in testing::TestInfo::Run() gmock-gtest-all.cc:3810
    #23 0x101fd2639 in testing::TestCase::Run() gmock-gtest-all.cc:3928
    #24 0x101ff5951 in testing::internal::UnitTestImpl::RunAllTests() gmock-gtest-all.cc:5799
    #25 0x1020b9489 in bool testing::internal::HandleSehExceptionsInMethodIfSupported<testing::internal::UnitTestImpl, bool>(testing::internal::UnitTestImpl*, bool (testing::internal::UnitTestImpl::*)(), char const*) gmock-gtest-all.cc:3562
    #26 0x101ff48ab in bool testing::internal::HandleExceptionsInMethodIfSupported<testing::internal::UnitTestImpl, bool>(testing::internal::UnitTestImpl*, bool (testing::internal::UnitTestImpl::*)(), char const*) gmock-gtest-all.cc:3598
    #27 0x101ff4346 in testing::UnitTest::Run() gmock-gtest-all.cc:5410
    #28 0x1020e7300 in RUN_ALL_TESTS() gtest.h:20058
    #29 0x1020e7270 in main gmock_main.cc:53

HINT: if you don't care about these errors you may set ASAN_OPTIONS=detect_container_overflow=0.
If you suspect a false positive see also: https://github.com/google/sanitizers/wiki/AddressSanitizerContainerOverflow.
SUMMARY: AddressSanitizer: container-overflow (libclang_rt.asan_osx_dynamic.dylib:x86_64h+0x1ae0d) in wrap_memmove
Shadow bytes around the buggy address:
  0x1c0800001b10: fa fa fd fd fd fd fd fd fa fa fd fd fd fd fd fd
  0x1c0800001b20: fa fa fd fd fd fd fd fd fa fa fd fd fd fd fd fd
  0x1c0800001b30: fa fa fd fd fd fd fd fd fa fa 00 00 00 00 06 fa
  0x1c0800001b40: fa fa 00 00 00 00 00 fa fa fa 00 00 00 00 00 00
  0x1c0800001b50: fa fa fd fd fd fd fd fd fa fa fd fd fd fd fd fd
=>0x1c0800001b60: fa fa 00 00 00 00 00 00 fa fa[fc]fc fc fc fc fc
  0x1c0800001b70: fa fa fa fa fa fa fa fa fa fa fa fa fa fa fa fa
  0x1c0800001b80: fa fa fa fa fa fa fa fa fa fa fa fa fa fa fa fa
  0x1c0800001b90: fa fa fa fa fa fa fa fa fa fa fa fa fa fa fa fa
  0x1c0800001ba0: fa fa fa fa fa fa fa fa fa fa fa fa fa fa fa fa
  0x1c0800001bb0: fa fa fa fa fa fa fa fa fa fa fa fa fa fa fa fa
Shadow byte legend (one shadow byte represents 8 application bytes):
  Addressable:           00
  Partially addressable: 01 02 03 04 05 06 07 
  Heap left redzone:       fa
  Freed heap region:       fd
  Stack left redzone:      f1
  Stack mid redzone:       f2
  Stack right redzone:     f3
  Stack after return:      f5
  Stack use after scope:   f8
  Global redzone:          f9
  Global init order:       f6
  Poisoned by user:        f7
  Container overflow:      fc
  Array cookie:            ac
  Intra object redzone:    bb
  ASan internal:           fe
  Left alloca redzone:     ca
  Right alloca redzone:    cb
==43839==ABORTING
<end of output>
Test time =   3.80 sec
----------------------------------------------------------
Test Failed.
"if_test" end time: Apr 10 21:34 EDT
"if_test" time elapsed: 00:00:03
----------------------------------------------------------

19/175 Testing: insert_translator_test
19/175 Test: insert_translator_test
Command: "/Users/Alpha/Documents/s18/15721/peloton/testbuild/test/insert_translator_test" "--gtest_color=yes" "--gtest_output=xml:/Users/Alpha/Documents/s18/15721/peloton/testbuild/test/insert_translator_test.xml"
Directory: /Users/Alpha/Documents/s18/15721/peloton/testbuild/test
"insert_translator_test" start time: Apr 10 21:34 EDT
Output:
----------------------------------------------------------
Running main() from gmock_main.cc
[0;32m[==========] [mRunning 4 tests from 1 test case.
[0;32m[----------] [mGlobal test environment set-up.
[0;32m[----------] [m4 tests from InsertTranslatorTest
[0;32m[ RUN      ] [mInsertTranslatorTest.InsertOneTuple
unknown file: Failure
C++ exception with description "Database PELOTON_CODEGEN is not found" thrown in the test fixture's constructor.
[0;31m[  FAILED  ] [mInsertTranslatorTest.InsertOneTuple (201 ms)
[0;32m[ RUN      ] [mInsertTranslatorTest.InsertScanTranslator
unknown file: Failure
C++ exception with description "Database PELOTON_CODEGEN is not found" thrown in the test fixture's constructor.
[0;31m[  FAILED  ] [mInsertTranslatorTest.InsertScanTranslator (1 ms)
[0;32m[ RUN      ] [mInsertTranslatorTest.InsertScanTranslatorWithNull
unknown file: Failure
C++ exception with description "Database PELOTON_CODEGEN is not found" thrown in the test fixture's constructor.
[0;31m[  FAILED  ] [mInsertTranslatorTest.InsertScanTranslatorWithNull (1 ms)
[0;32m[ RUN      ] [mInsertTranslatorTest.InsertScanColumnTranslator
unknown file: Failure
C++ exception with description "Database PELOTON_CODEGEN is not found" thrown in the test fixture's constructor.
[0;31m[  FAILED  ] [mInsertTranslatorTest.InsertScanColumnTranslator (1 ms)
[0;32m[----------] [m4 tests from InsertTranslatorTest (204 ms total)

[0;32m[----------] [mGlobal test environment tear-down
[0;32m[==========] [m4 tests from 1 test case ran. (205 ms total)
[0;32m[  PASSED  ] [m0 tests.
[0;31m[  FAILED  ] [m4 tests, listed below:
[0;31m[  FAILED  ] [mInsertTranslatorTest.InsertOneTuple
[0;31m[  FAILED  ] [mInsertTranslatorTest.InsertScanTranslator
[0;31m[  FAILED  ] [mInsertTranslatorTest.InsertScanTranslatorWithNull
[0;31m[  FAILED  ] [mInsertTranslatorTest.InsertScanColumnTranslator

 4 FAILED TESTS
<end of output>
Test time =   0.54 sec
----------------------------------------------------------
Test Failed.
"insert_translator_test" end time: Apr 10 21:34 EDT
"insert_translator_test" time elapsed: 00:00:00
----------------------------------------------------------

20/175 Testing: oa_hash_table_test
20/175 Test: oa_hash_table_test
Command: "/Users/Alpha/Documents/s18/15721/peloton/testbuild/test/oa_hash_table_test" "--gtest_color=yes" "--gtest_output=xml:/Users/Alpha/Documents/s18/15721/peloton/testbuild/test/oa_hash_table_test.xml"
Directory: /Users/Alpha/Documents/s18/15721/peloton/testbuild/test
"oa_hash_table_test" start time: Apr 10 21:34 EDT
Output:
----------------------------------------------------------
Running main() from gmock_main.cc
[0;32m[==========] [mRunning 4 tests from 1 test case.
[0;32m[----------] [mGlobal test environment set-up.
[0;32m[----------] [m4 tests from OAHashTableTest
[0;32m[ RUN      ] [mOAHashTableTest.CanInsertKeyValuePairs
2018-04-10 21:34:39 [src/codegen/util/oa_hash_table.cpp:279:Resize] DEBUG - Resizing hash-table from 8192 buckets to 16384
2018-04-10 21:34:39 [src/codegen/util/oa_hash_table.cpp:279:Resize] DEBUG - Resizing hash-table from 16384 buckets to 32768
2018-04-10 21:34:40 [src/codegen/util/oa_hash_table.cpp:279:Resize] DEBUG - Resizing hash-table from 32768 buckets to 65536
2018-04-10 21:34:40 [src/codegen/util/oa_hash_table.cpp:279:Resize] DEBUG - Resizing hash-table from 65536 buckets to 131072
2018-04-10 21:34:40 [src/codegen/util/oa_hash_table.cpp:369:Destroy] DEBUG - Cleaning up hash table with 50001 entries ...
[0;32m[       OK ] [mOAHashTableTest.CanInsertKeyValuePairs (57 ms)
[0;32m[ RUN      ] [mOAHashTableTest.CanIterate
2018-04-10 21:34:40 [src/codegen/util/oa_hash_table.cpp:279:Resize] DEBUG - Resizing hash-table from 8192 buckets to 16384
2018-04-10 21:34:40 [src/codegen/util/oa_hash_table.cpp:279:Resize] DEBUG - Resizing hash-table from 16384 buckets to 32768
2018-04-10 21:34:40 [src/codegen/util/oa_hash_table.cpp:279:Resize] DEBUG - Resizing hash-table from 32768 buckets to 65536
2018-04-10 21:34:40 [src/codegen/util/oa_hash_table.cpp:279:Resize] DEBUG - Resizing hash-table from 65536 buckets to 131072
2018-04-10 21:34:40 [src/codegen/util/oa_hash_table.cpp:369:Destroy] DEBUG - Cleaning up hash table with 50002 entries ...
[0;32m[       OK ] [mOAHashTableTest.CanIterate (68 ms)
[0;32m[ RUN      ] [mOAHashTableTest.CanCodegenProbeOrInsert
2018-04-10 21:34:40 [src/codegen/util/oa_hash_table.cpp:369:Destroy] DEBUG - Cleaning up hash table with 0 entries ...
[0;32m[       OK ] [mOAHashTableTest.CanCodegenProbeOrInsert (0 ms)
[0;32m[ RUN      ] [mOAHashTableTest.MicroBenchmark
2018-04-10 21:34:40 [src/codegen/util/oa_hash_table.cpp:279:Resize] DEBUG - Resizing hash-table from 8192 buckets to 16384
2018-04-10 21:34:40 [src/codegen/util/oa_hash_table.cpp:279:Resize] DEBUG - Resizing hash-table from 16384 buckets to 32768
2018-04-10 21:34:40 [src/codegen/util/oa_hash_table.cpp:279:Resize] DEBUG - Resizing hash-table from 32768 buckets to 65536
2018-04-10 21:34:40 [src/codegen/util/oa_hash_table.cpp:279:Resize] DEBUG - Resizing hash-table from 65536 buckets to 131072
2018-04-10 21:34:40 [src/codegen/util/oa_hash_table.cpp:279:Resize] DEBUG - Resizing hash-table from 131072 buckets to 262144
2018-04-10 21:34:40 [src/codegen/util/oa_hash_table.cpp:369:Destroy] DEBUG - Cleaning up hash table with 100000 entries ...
2018-04-10 21:34:40 [src/codegen/util/oa_hash_table.cpp:279:Resize] DEBUG - Resizing hash-table from 8192 buckets to 16384
2018-04-10 21:34:40 [src/codegen/util/oa_hash_table.cpp:279:Resize] DEBUG - Resizing hash-table from 16384 buckets to 32768
2018-04-10 21:34:40 [src/codegen/util/oa_hash_table.cpp:279:Resize] DEBUG - Resizing hash-table from 32768 buckets to 65536
2018-04-10 21:34:40 [src/codegen/util/oa_hash_table.cpp:279:Resize] DEBUG - Resizing hash-table from 65536 buckets to 131072
2018-04-10 21:34:40 [src/codegen/util/oa_hash_table.cpp:279:Resize] DEBUG - Resizing hash-table from 131072 buckets to 262144
[...]
[0;32m[ RUN      ] [mTypeTests.MinValueTest
[0;32m[       OK ] [mTypeTests.MinValueTest (0 ms)
[0;32m[----------] [m4 tests from TypeTests (6 ms total)

[0;32m[----------] [mGlobal test environment tear-down
[0;32m[==========] [m4 tests from 1 test case ran. (7 ms total)
[0;32m[  PASSED  ] [m4 tests.
<end of output>
Test time =   0.31 sec
----------------------------------------------------------
Test Passed.
"type_test" end time: Apr 10 21:36 EDT
"type_test" time elapsed: 00:00:00
----------------------------------------------------------

165/175 Testing: type_util_test
165/175 Test: type_util_test
Command: "/Users/Alpha/Documents/s18/15721/peloton/testbuild/test/type_util_test" "--gtest_color=yes" "--gtest_output=xml:/Users/Alpha/Documents/s18/15721/peloton/testbuild/test/type_util_test.xml"
Directory: /Users/Alpha/Documents/s18/15721/peloton/testbuild/test
"type_util_test" start time: Apr 10 21:36 EDT
Output:
----------------------------------------------------------
Running main() from gmock_main.cc
[0;32m[==========] [mRunning 4 tests from 1 test case.
[0;32m[----------] [mGlobal test environment set-up.
[0;32m[----------] [m4 tests from TypeUtilTests
[0;32m[ RUN      ] [mTypeUtilTests.CompareEqualsRawTest
[0;32m[       OK ] [mTypeUtilTests.CompareEqualsRawTest (4 ms)
[0;32m[ RUN      ] [mTypeUtilTests.CompareLessThanRawTest
[0;32m[       OK ] [mTypeUtilTests.CompareLessThanRawTest (0 ms)
[0;32m[ RUN      ] [mTypeUtilTests.CompareGreaterThanRawTest
[0;32m[       OK ] [mTypeUtilTests.CompareGreaterThanRawTest (1 ms)
[0;32m[ RUN      ] [mTypeUtilTests.CompareStringsTest
[0;32m[       OK ] [mTypeUtilTests.CompareStringsTest (2 ms)
[0;32m[----------] [m4 tests from TypeUtilTests (8 ms total)

[0;32m[----------] [mGlobal test environment tear-down
[0;32m[==========] [m4 tests from 1 test case ran. (9 ms total)
[0;32m[  PASSED  ] [m4 tests.
<end of output>
Test time =   0.33 sec
----------------------------------------------------------
Test Passed.
"type_util_test" end time: Apr 10 21:36 EDT
"type_util_test" time elapsed: 00:00:00
----------------------------------------------------------

166/175 Testing: value_factory_test
166/175 Test: value_factory_test
Command: "/Users/Alpha/Documents/s18/15721/peloton/testbuild/test/value_factory_test" "--gtest_color=yes" "--gtest_output=xml:/Users/Alpha/Documents/s18/15721/peloton/testbuild/test/value_factory_test.xml"
Directory: /Users/Alpha/Documents/s18/15721/peloton/testbuild/test
"value_factory_test" start time: Apr 10 21:36 EDT
Output:
----------------------------------------------------------
Running main() from gmock_main.cc
[0;32m[==========] [mRunning 4 tests from 1 test case.
[0;32m[----------] [mGlobal test environment set-up.
[0;32m[----------] [m4 tests from ValueFactoryTests
[0;32m[ RUN      ] [mValueFactoryTests.ZeroValueTest
[0;32m[       OK ] [mValueFactoryTests.ZeroValueTest (3 ms)
[0;32m[ RUN      ] [mValueFactoryTests.PeekValueTest
[0;32m[       OK ] [mValueFactoryTests.PeekValueTest (0 ms)
[0;32m[ RUN      ] [mValueFactoryTests.CastTest
[0;32m[       OK ] [mValueFactoryTests.CastTest (3 ms)
[0;32m[ RUN      ] [mValueFactoryTests.SerializationTest
[0;32m[       OK ] [mValueFactoryTests.SerializationTest (0 ms)
[0;32m[----------] [m4 tests from ValueFactoryTests (6 ms total)

[0;32m[----------] [mGlobal test environment tear-down
[0;32m[==========] [m4 tests from 1 test case ran. (7 ms total)
[0;32m[  PASSED  ] [m4 tests.
<end of output>
Test time =   0.31 sec
----------------------------------------------------------
Test Passed.
"value_factory_test" end time: Apr 10 21:36 EDT
"value_factory_test" time elapsed: 00:00:00
----------------------------------------------------------

167/175 Testing: value_test
167/175 Test: value_test
Command: "/Users/Alpha/Documents/s18/15721/peloton/testbuild/test/value_test" "--gtest_color=yes" "--gtest_output=xml:/Users/Alpha/Documents/s18/15721/peloton/testbuild/test/value_test.xml"
Directory: /Users/Alpha/Documents/s18/15721/peloton/testbuild/test
"value_test" start time: Apr 10 21:36 EDT
Output:
----------------------------------------------------------
Running main() from gmock_main.cc
[0;32m[==========] [mRunning 3 tests from 1 test case.
[0;32m[----------] [mGlobal test environment set-up.
[0;32m[----------] [m3 tests from ValueTests
[0;32m[ RUN      ] [mValueTests.HashTest
[0;32m[       OK ] [mValueTests.HashTest (5 ms)
[0;32m[ RUN      ] [mValueTests.MinMaxTest
2018-04-10 21:36:31 [test/type/value_test.cpp:78:TestBody] DEBUG - MinMax: BOOLEAN
2018-04-10 21:36:31 [test/type/value_test.cpp:78:TestBody] DEBUG - MinMax: TINYINT
2018-04-10 21:36:31 [test/type/value_test.cpp:78:TestBody] DEBUG - MinMax: SMALLINT
2018-04-10 21:36:31 [test/type/value_test.cpp:78:TestBody] DEBUG - MinMax: INTEGER
2018-04-10 21:36:31 [test/type/value_test.cpp:78:TestBody] DEBUG - MinMax: BIGINT
2018-04-10 21:36:31 [test/type/value_test.cpp:78:TestBody] DEBUG - MinMax: DECIMAL
2018-04-10 21:36:31 [test/type/value_test.cpp:78:TestBody] DEBUG - MinMax: TIMESTAMP
2018-04-10 21:36:31 [test/type/value_test.cpp:78:TestBody] DEBUG - MinMax: DATE
[0;32m[       OK ] [mValueTests.MinMaxTest (3 ms)
[0;32m[ RUN      ] [mValueTests.VarcharCopyTest
[0;32m[       OK ] [mValueTests.VarcharCopyTest (0 ms)
[0;32m[----------] [m3 tests from ValueTests (8 ms total)

[0;32m[----------] [mGlobal test environment tear-down
[0;32m[==========] [m3 tests from 1 test case ran. (9 ms total)
[0;32m[  PASSED  ] [m3 tests.
<end of output>
Test time =   0.30 sec
----------------------------------------------------------
Test Passed.
"value_test" end time: Apr 10 21:36 EDT
"value_test" time elapsed: 00:00:00
----------------------------------------------------------

168/175 Testing: udf_test
168/175 Test: udf_test
Command: "/Users/Alpha/Documents/s18/15721/peloton/testbuild/test/udf_test" "--gtest_color=yes" "--gtest_output=xml:/Users/Alpha/Documents/s18/15721/peloton/testbuild/test/udf_test.xml"
Directory: /Users/Alpha/Documents/s18/15721/peloton/testbuild/test
"udf_test" start time: Apr 10 21:36 EDT
Output:
----------------------------------------------------------
Running main() from gmock_main.cc
[0;32m[==========] [mRunning 4 tests from 1 test case.
[0;32m[----------] [mGlobal test environment set-up.
[0;32m[----------] [m4 tests from UDFTest
[0;32m[ RUN      ] [mUDFTest.SimpleExpressionTest
unknown file: Failure
C++ exception with description "Can't find Database pg_catalog to create table" thrown in the test body.
[0;31m[  FAILED  ] [mUDFTest.SimpleExpressionTest (229 ms)
[0;32m[ RUN      ] [mUDFTest.ComplexExpressionTest
unknown file: Failure
C++ exception with description "Can't find Database pg_catalog to create table" thrown in the test body.
[0;31m[  FAILED  ] [mUDFTest.ComplexExpressionTest (1 ms)
[0;32m[ RUN      ] [mUDFTest.IfElseExpressionTest
unknown file: Failure
C++ exception with description "Can't find Database pg_catalog to create table" thrown in the test body.
[0;31m[  FAILED  ] [mUDFTest.IfElseExpressionTest (2 ms)
[0;32m[ RUN      ] [mUDFTest.RecursiveFunctionTest
unknown file: Failure
C++ exception with description "Can't find Database pg_catalog to create table" thrown in the test body.
[0;31m[  FAILED  ] [mUDFTest.RecursiveFunctionTest (1 ms)
[0;32m[----------] [m4 tests from UDFTest (233 ms total)

[0;32m[----------] [mGlobal test environment tear-down
[0;32m[==========] [m4 tests from 1 test case ran. (234 ms total)
[0;32m[  PASSED  ] [m0 tests.
[0;31m[  FAILED  ] [m4 tests, listed below:
[0;31m[  FAILED  ] [mUDFTest.SimpleExpressionTest
[0;31m[  FAILED  ] [mUDFTest.ComplexExpressionTest
[0;31m[  FAILED  ] [mUDFTest.IfElseExpressionTest
[0;31m[  FAILED  ] [mUDFTest.RecursiveFunctionTest

 4 FAILED TESTS
<end of output>
Test time =   0.65 sec
----------------------------------------------------------
Test Failed.
"udf_test" end time: Apr 10 21:36 EDT
"udf_test" time elapsed: 00:00:00
----------------------------------------------------------

169/175 Testing: file_util_test
169/175 Test: file_util_test
Command: "/Users/Alpha/Documents/s18/15721/peloton/testbuild/test/file_util_test" "--gtest_color=yes" "--gtest_output=xml:/Users/Alpha/Documents/s18/15721/peloton/testbuild/test/file_util_test.xml"
Directory: /Users/Alpha/Documents/s18/15721/peloton/testbuild/test
"file_util_test" start time: Apr 10 21:36 EDT
Output:
----------------------------------------------------------
Running main() from gmock_main.cc
[0;32m[==========] [mRunning 2 tests from 1 test case.
[0;32m[----------] [mGlobal test environment set-up.
[0;32m[----------] [m2 tests from FileUtilTests
[0;32m[ RUN      ] [mFileUtilTests.WriteTempTest
[0;32m[       OK ] [mFileUtilTests.WriteTempTest (5 ms)
[0;32m[ RUN      ] [mFileUtilTests.ExistsTest
[0;32m[       OK ] [mFileUtilTests.ExistsTest (1 ms)
[0;32m[----------] [m2 tests from FileUtilTests (6 ms total)

[0;32m[----------] [mGlobal test environment tear-down
[0;32m[==========] [m2 tests from 1 test case ran. (7 ms total)
[0;32m[  PASSED  ] [m2 tests.
<end of output>
Test time =   0.27 sec
----------------------------------------------------------
Test Passed.
"file_util_test" end time: Apr 10 21:36 EDT
"file_util_test" time elapsed: 00:00:00
----------------------------------------------------------

170/175 Testing: set_util_test
170/175 Test: set_util_test
Command: "/Users/Alpha/Documents/s18/15721/peloton/testbuild/test/set_util_test" "--gtest_color=yes" "--gtest_output=xml:/Users/Alpha/Documents/s18/15721/peloton/testbuild/test/set_util_test.xml"
Directory: /Users/Alpha/Documents/s18/15721/peloton/testbuild/test
"set_util_test" start time: Apr 10 21:36 EDT
Output:
----------------------------------------------------------
Running main() from gmock_main.cc
[0;32m[==========] [mRunning 1 test from 1 test case.
[0;32m[----------] [mGlobal test environment set-up.
[0;32m[----------] [m1 test from SetUtilTests
[0;32m[ RUN      ] [mSetUtilTests.DisjointTest
[0;32m[       OK ] [mSetUtilTests.DisjointTest (2 ms)
[0;32m[----------] [m1 test from SetUtilTests (2 ms total)

[0;32m[----------] [mGlobal test environment tear-down
[0;32m[==========] [m1 test from 1 test case ran. (3 ms total)
[0;32m[  PASSED  ] [m1 test.
<end of output>
Test time =   0.27 sec
----------------------------------------------------------
Test Passed.
"set_util_test" end time: Apr 10 21:36 EDT
"set_util_test" time elapsed: 00:00:00
----------------------------------------------------------

171/175 Testing: string_util_test
171/175 Test: string_util_test
Command: "/Users/Alpha/Documents/s18/15721/peloton/testbuild/test/string_util_test" "--gtest_color=yes" "--gtest_output=xml:/Users/Alpha/Documents/s18/15721/peloton/testbuild/test/string_util_test.xml"
Directory: /Users/Alpha/Documents/s18/15721/peloton/testbuild/test
"string_util_test" start time: Apr 10 21:36 EDT
Output:
----------------------------------------------------------
Running main() from gmock_main.cc
[0;32m[==========] [mRunning 10 tests from 1 test case.
[0;32m[----------] [mGlobal test environment set-up.
[0;32m[----------] [m10 tests from StringUtilTests
[0;32m[ RUN      ] [mStringUtilTests.ContainsTest
[0;32m[       OK ] [mStringUtilTests.ContainsTest (3 ms)
[0;32m[ RUN      ] [mStringUtilTests.StartsWithTest
[0;32m[       OK ] [mStringUtilTests.StartsWithTest (0 ms)
[0;32m[ RUN      ] [mStringUtilTests.EndsWithTest
[0;32m[       OK ] [mStringUtilTests.EndsWithTest (1 ms)
[0;32m[ RUN      ] [mStringUtilTests.RepeatTest
[0;32m[       OK ] [mStringUtilTests.RepeatTest (0 ms)
[0;32m[ RUN      ] [mStringUtilTests.PrefixTest
[0;32m[       OK ] [mStringUtilTests.PrefixTest (1 ms)
[0;32m[ RUN      ] [mStringUtilTests.FormatSizeTest
[0;32m[       OK ] [mStringUtilTests.FormatSizeTest (1 ms)
[0;32m[ RUN      ] [mStringUtilTests.UpperTest
[0;32m[       OK ] [mStringUtilTests.UpperTest (0 ms)
[0;32m[ RUN      ] [mStringUtilTests.FormatIntTest
[0;32m[       OK ] [mStringUtilTests.FormatIntTest (0 ms)
[0;32m[ RUN      ] [mStringUtilTests.FormatFloatTest
[0;32m[       OK ] [mStringUtilTests.FormatFloatTest (0 ms)
[0;32m[ RUN      ] [mStringUtilTests.SplitTest
[0;32m[       OK ] [mStringUtilTests.SplitTest (1 ms)
[0;32m[----------] [m10 tests from StringUtilTests (7 ms total)

[0;32m[----------] [mGlobal test environment tear-down
[0;32m[==========] [m10 tests from 1 test case ran. (7 ms total)
[0;32m[  PASSED  ] [m10 tests.
<end of output>
Test time =   0.30 sec
----------------------------------------------------------
Test Passed.
"string_util_test" end time: Apr 10 21:36 EDT
"string_util_test" time elapsed: 00:00:00
----------------------------------------------------------

172/175 Testing: stringbox_util_test
172/175 Test: stringbox_util_test
Command: "/Users/Alpha/Documents/s18/15721/peloton/testbuild/test/stringbox_util_test" "--gtest_color=yes" "--gtest_output=xml:/Users/Alpha/Documents/s18/15721/peloton/testbuild/test/stringbox_util_test.xml"
Directory: /Users/Alpha/Documents/s18/15721/peloton/testbuild/test
"stringbox_util_test" start time: Apr 10 21:36 EDT
Output:
----------------------------------------------------------
Running main() from gmock_main.cc
[0;32m[==========] [mRunning 1 test from 1 test case.
[0;32m[----------] [mGlobal test environment set-up.
[0;32m[----------] [m1 test from StringBoxUtilTests
[0;32m[ RUN      ] [mStringBoxUtilTests.BoxTest
[0;32m[       OK ] [mStringBoxUtilTests.BoxTest (3 ms)
[0;32m[----------] [m1 test from StringBoxUtilTests (3 ms total)

[0;32m[----------] [mGlobal test environment tear-down
[0;32m[==========] [m1 test from 1 test case ran. (4 ms total)
[0;32m[  PASSED  ] [m1 test.
<end of output>
Test time =   0.27 sec
----------------------------------------------------------
Test Passed.
"stringbox_util_test" end time: Apr 10 21:36 EDT
"stringbox_util_test" time elapsed: 00:00:00
----------------------------------------------------------

173/175 Testing: stringtable_util_test
173/175 Test: stringtable_util_test
Command: "/Users/Alpha/Documents/s18/15721/peloton/testbuild/test/stringtable_util_test" "--gtest_color=yes" "--gtest_output=xml:/Users/Alpha/Documents/s18/15721/peloton/testbuild/test/stringtable_util_test.xml"
Directory: /Users/Alpha/Documents/s18/15721/peloton/testbuild/test
"stringtable_util_test" start time: Apr 10 21:36 EDT
Output:
----------------------------------------------------------
Running main() from gmock_main.cc
[0;32m[==========] [mRunning 1 test from 1 test case.
[0;32m[----------] [mGlobal test environment set-up.
[0;32m[----------] [m1 test from StringTableUtilTests
[0;32m[ RUN      ] [mStringTableUtilTests.BoxTest
2018-04-10 21:36:34 [test/util/stringtable_util_test.cpp:46:TestBody] INFO  - 
      Meeting  Room   People
----------------------------
      Peloton  9001        A
         Bike  8001  B, C, D
  Transformer  7001  E, F, G
2018-04-10 21:36:34 [test/util/stringtable_util_test.cpp:54:TestBody] INFO  - 
     Halloween  Octorber
  Thanksgiving  November
     Christmas  December
[0;32m[       OK ] [mStringTableUtilTests.BoxTest (4 ms)
[0;32m[----------] [m1 test from StringTableUtilTests (4 ms total)

[0;32m[----------] [mGlobal test environment tear-down
[0;32m[==========] [m1 test from 1 test case ran. (5 ms total)
[0;32m[  PASSED  ] [m1 test.
<end of output>
Test time =   0.28 sec
----------------------------------------------------------
Test Passed.
"stringtable_util_test" end time: Apr 10 21:36 EDT
"stringtable_util_test" time elapsed: 00:00:00
----------------------------------------------------------

174/175 Testing: index_performance_test
174/175 Test: index_performance_test
Command: "/Users/Alpha/Documents/s18/15721/peloton/testbuild/test/index_performance_test" "--gtest_color=yes" "--gtest_output=xml:/Users/Alpha/Documents/s18/15721/peloton/testbuild/test/index_performance_test.xml"
Directory: /Users/Alpha/Documents/s18/15721/peloton/testbuild/test
"index_performance_test" start time: Apr 10 21:36 EDT
Output:
----------------------------------------------------------
Running main() from gmock_main.cc
[0;32m[==========] [mRunning 1 test from 1 test case.
[0;32m[----------] [mGlobal test environment set-up.
[0;32m[----------] [m1 test from IndexPerformanceTests
[0;32m[ RUN      ] [mIndexPerformanceTests.BwTreeMultiThreadedTest
2018-04-10 21:36:38 [src/index/bwtree_index.cpp:109:PerformGC] INFO  - Bw-Tree Garbage Collection!
2018-04-10 21:36:39 [test/performance/index_performance_test.cpp:294:TestIndexPerformance] INFO  - InsertTest1 :: Type=BWTREE; Duration=5.30
2018-04-10 21:36:44 [src/index/bwtree_index.cpp:109:PerformGC] INFO  - Bw-Tree Garbage Collection!
2018-04-10 21:36:45 [test/performance/index_performance_test.cpp:315:TestIndexPerformance] INFO  - DeleteTest1 :: Type=BWTREE; Duration=10.90
2018-04-10 21:36:50 [src/index/bwtree_index.cpp:109:PerformGC] INFO  - Bw-Tree Garbage Collection!
2018-04-10 21:36:51 [test/performance/index_performance_test.cpp:336:TestIndexPerformance] INFO  - InsertTest2 :: Type=BWTREE; Duration=17.44
2018-04-10 21:36:57 [src/index/bwtree_index.cpp:109:PerformGC] INFO  - Bw-Tree Garbage Collection!
2018-04-10 21:36:58 [test/performance/index_performance_test.cpp:357:TestIndexPerformance] INFO  - DeleteTest :: Type=BWTREE; Duration=24.06
[0;32m[       OK ] [mIndexPerformanceTests.BwTreeMultiThreadedTest (24698 ms)
[0;32m[----------] [m1 test from IndexPerformanceTests (24698 ms total)

[0;32m[----------] [mGlobal test environment tear-down
[0;32m[==========] [m1 test from 1 test case ran. (24700 ms total)
[0;32m[  PASSED  ] [m1 test.
<end of output>
Test time =  25.23 sec
----------------------------------------------------------
Test Passed.
"index_performance_test" end time: Apr 10 21:36 EDT
"index_performance_test" time elapsed: 00:00:25
----------------------------------------------------------

175/175 Testing: insert_performance_test
175/175 Test: insert_performance_test
Command: "/Users/Alpha/Documents/s18/15721/peloton/testbuild/test/insert_performance_test" "--gtest_color=yes" "--gtest_output=xml:/Users/Alpha/Documents/s18/15721/peloton/testbuild/test/insert_performance_test.xml"
Directory: /Users/Alpha/Documents/s18/15721/peloton/testbuild/test
"insert_performance_test" start time: Apr 10 21:36 EDT
Output:
----------------------------------------------------------
Running main() from gmock_main.cc
[0;32m[==========] [mRunning 1 test from 1 test case.
[0;32m[----------] [mGlobal test environment set-up.
[0;32m[----------] [m1 test from InsertPerformanceTests
[0;32m[ RUN      ] [mInsertPerformanceTests.LoadingTest
2018-04-10 21:36:59 [test/performance/insert_performance_test.cpp:117:TestBody] INFO  - Duration: 0.03
/Users/Alpha/Documents/s18/15721/peloton/test/performance/insert_performance_test.cpp:143: Failure
Value of: expected_tile_group_count
  Actual: 1001
Expected: data_table->GetTileGroupCount()
Which is: 1
2018-04-10 21:36:59 [test/performance/insert_performance_test.cpp:147:TestBody] INFO  - Dataset size : 0 MB 

[0;31m[  FAILED  ] [mInsertPerformanceTests.LoadingTest (144 ms)
[0;32m[----------] [m1 test from InsertPerformanceTests (144 ms total)

[0;32m[----------] [mGlobal test environment tear-down
[0;32m[==========] [m1 test from 1 test case ran. (144 ms total)
[0;32m[  PASSED  ] [m0 tests.
[0;31m[  FAILED  ] [m1 test, listed below:
[0;31m[  FAILED  ] [mInsertPerformanceTests.LoadingTest

 1 FAILED TEST
<end of output>
Test time =   0.48 sec
----------------------------------------------------------
Test Failed.
"insert_performance_test" end time: Apr 10 21:36 EDT
"insert_performance_test" time elapsed: 00:00:00
----------------------------------------------------------

End testing: Apr 10 21:36 EDT
