<?xml version="1.0" encoding="UTF-8"?>
<testsuites tests="4" failures="4" disabled="0" errors="0" timestamp="2018-04-10T21:34:39" time="0.205" name="AllTests">
  <testsuite name="InsertTranslatorTest" tests="4" failures="4" disabled="0" errors="0" time="0.204">
    <testcase name="InsertOneTuple" status="run" time="0.201" classname="InsertTranslatorTest">
      <failure message="unknown file&#x0A;C++ exception with description &quot;Database PELOTON_CODEGEN is not found&quot; thrown in the test fixture&apos;s constructor." type=""><![CDATA[unknown file
C++ exception with description "Database PELOTON_CODEGEN is not found" thrown in the test fixture's constructor.]]></failure>
    </testcase>
    <testcase name="InsertScanTranslator" status="run" time="0.001" classname="InsertTranslatorTest">
      <failure message="unknown file&#x0A;C++ exception with description &quot;Database PELOTON_CODEGEN is not found&quot; thrown in the test fixture&apos;s constructor." type=""><![CDATA[unknown file
C++ exception with description "Database PELOTON_CODEGEN is not found" thrown in the test fixture's constructor.]]></failure>
    </testcase>
    <testcase name="InsertScanTranslatorWithNull" status="run" time="0.001" classname="InsertTranslatorTest">
      <failure message="unknown file&#x0A;C++ exception with description &quot;Database PELOTON_CODEGEN is not found&quot; thrown in the test fixture&apos;s constructor." type=""><![CDATA[unknown file
C++ exception with description "Database PELOTON_CODEGEN is not found" thrown in the test fixture's constructor.]]></failure>
    </testcase>
    <testcase name="InsertScanColumnTranslator" status="run" time="0.001" classname="InsertTranslatorTest">
      <failure message="unknown file&#x0A;C++ exception with description &quot;Database PELOTON_CODEGEN is not found&quot; thrown in the test fixture&apos;s constructor." type=""><![CDATA[unknown file
C++ exception with description "Database PELOTON_CODEGEN is not found" thrown in the test fixture's constructor.]]></failure>
    </testcase>
  </testsuite>
</testsuites>
