<?xml version="1.0" encoding="UTF-8"?>
<testsuites tests="6" failures="6" disabled="0" errors="0" timestamp="2018-04-10T21:34:44" time="0.192" name="AllTests">
  <testsuite name="ParameterizationTest" tests="6" failures="6" disabled="0" errors="0" time="0.191">
    <testcase name="ConstParameterVarchar" status="run" time="0.188" classname="ParameterizationTest">
      <failure message="unknown file&#x0A;C++ exception with description &quot;Database PELOTON_CODEGEN is not found&quot; thrown in the test fixture&apos;s constructor." type=""><![CDATA[unknown file
C++ exception with description "Database PELOTON_CODEGEN is not found" thrown in the test fixture's constructor.]]></failure>
    </testcase>
    <testcase name="ParamParameterVarchar" status="run" time="0.001" classname="ParameterizationTest">
      <failure message="unknown file&#x0A;C++ exception with description &quot;Database PELOTON_CODEGEN is not found&quot; thrown in the test fixture&apos;s constructor." type=""><![CDATA[unknown file
C++ exception with description "Database PELOTON_CODEGEN is not found" thrown in the test fixture's constructor.]]></failure>
    </testcase>
    <testcase name="ConstParameterWithConjunction" status="run" time="0.001" classname="ParameterizationTest">
      <failure message="unknown file&#x0A;C++ exception with description &quot;Database PELOTON_CODEGEN is not found&quot; thrown in the test fixture&apos;s constructor." type=""><![CDATA[unknown file
C++ exception with description "Database PELOTON_CODEGEN is not found" thrown in the test fixture's constructor.]]></failure>
    </testcase>
    <testcase name="ParamParameterWithConjunction" status="run" time="0" classname="ParameterizationTest">
      <failure message="unknown file&#x0A;C++ exception with description &quot;Database PELOTON_CODEGEN is not found&quot; thrown in the test fixture&apos;s constructor." type=""><![CDATA[unknown file
C++ exception with description "Database PELOTON_CODEGEN is not found" thrown in the test fixture's constructor.]]></failure>
    </testcase>
    <testcase name="ParamParameterWithOperators" status="run" time="0.001" classname="ParameterizationTest">
      <failure message="unknown file&#x0A;C++ exception with description &quot;Database PELOTON_CODEGEN is not found&quot; thrown in the test fixture&apos;s constructor." type=""><![CDATA[unknown file
C++ exception with description "Database PELOTON_CODEGEN is not found" thrown in the test fixture's constructor.]]></failure>
    </testcase>
    <testcase name="ParamParameterWithOperatersLeftHand" status="run" time="0" classname="ParameterizationTest">
      <failure message="unknown file&#x0A;C++ exception with description &quot;Database PELOTON_CODEGEN is not found&quot; thrown in the test fixture&apos;s constructor." type=""><![CDATA[unknown file
C++ exception with description "Database PELOTON_CODEGEN is not found" thrown in the test fixture's constructor.]]></failure>
    </testcase>
  </testsuite>
</testsuites>
