<?xml version="1.0" encoding="UTF-8"?>
<testsuites tests="6" failures="6" disabled="0" errors="0" timestamp="2018-04-10T21:35:50" time="0.574" name="AllTests">
  <testsuite name="StatsStorageTests" tests="6" failures="6" disabled="0" errors="0" time="0.572">
    <testcase name="InsertAndGetTableStatsTest" status="run" time="0.439" classname="StatsStorageTests">
      <failure message="unknown file&#x0A;C++ exception with description &quot;Can&apos;t find Database pg_catalog to create table&quot; thrown in the test body." type=""><![CDATA[unknown file
C++ exception with description "Can't find Database pg_catalog to create table" thrown in the test body.]]></failure>
    </testcase>
    <testcase name="InsertAndGetColumnStatsTest" status="run" time="0.002" classname="StatsStorageTests">
      <failure message="unknown file&#x0A;C++ exception with description &quot;Can&apos;t find Database pg_catalog to create table&quot; thrown in the test body." type=""><![CDATA[unknown file
C++ exception with description "Can't find Database pg_catalog to create table" thrown in the test body.]]></failure>
    </testcase>
    <testcase name="UpdateColumnStatsTest" status="run" time="0.001" classname="StatsStorageTests">
      <failure message="unknown file&#x0A;C++ exception with description &quot;Can&apos;t find Database pg_catalog to create table&quot; thrown in the test body." type=""><![CDATA[unknown file
C++ exception with description "Can't find Database pg_catalog to create table" thrown in the test body.]]></failure>
    </testcase>
    <testcase name="AnalyzeStatsForTableTest" status="run" time="0.065" classname="StatsStorageTests">
      <failure message="unknown file&#x0A;C++ exception with description &quot;Can&apos;t find Database pg_catalog to create table&quot; thrown in the test body." type=""><![CDATA[unknown file
C++ exception with description "Can't find Database pg_catalog to create table" thrown in the test body.]]></failure>
    </testcase>
    <testcase name="AnalyzeStatsForAllTablesTest" status="run" time="0.002" classname="StatsStorageTests">
      <failure message="unknown file&#x0A;C++ exception with description &quot;Database test_db is not found&quot; thrown in the test body." type=""><![CDATA[unknown file
C++ exception with description "Database test_db is not found" thrown in the test body.]]></failure>
    </testcase>
    <testcase name="GetTableStatsTest" status="run" time="0.061" classname="StatsStorageTests">
      <failure message="unknown file&#x0A;C++ exception with description &quot;Can&apos;t find Database pg_catalog to create table&quot; thrown in the test body." type=""><![CDATA[unknown file
C++ exception with description "Can't find Database pg_catalog to create table" thrown in the test body.]]></failure>
    </testcase>
  </testsuite>
</testsuites>
