<?xml version="1.0" encoding="UTF-8"?>
<testsuites tests="4" failures="4" disabled="0" errors="0" timestamp="2018-04-10T21:36:32" time="0.234" name="AllTests">
  <testsuite name="UDFTest" tests="4" failures="4" disabled="0" errors="0" time="0.233">
    <testcase name="SimpleExpressionTest" status="run" time="0.229" classname="UDFTest">
      <failure message="unknown file&#x0A;C++ exception with description &quot;Can&apos;t find Database pg_catalog to create table&quot; thrown in the test body." type=""><![CDATA[unknown file
C++ exception with description "Can't find Database pg_catalog to create table" thrown in the test body.]]></failure>
    </testcase>
    <testcase name="ComplexExpressionTest" status="run" time="0.001" classname="UDFTest">
      <failure message="unknown file&#x0A;C++ exception with description &quot;Can&apos;t find Database pg_catalog to create table&quot; thrown in the test body." type=""><![CDATA[unknown file
C++ exception with description "Can't find Database pg_catalog to create table" thrown in the test body.]]></failure>
    </testcase>
    <testcase name="IfElseExpressionTest" status="run" time="0.002" classname="UDFTest">
      <failure message="unknown file&#x0A;C++ exception with description &quot;Can&apos;t find Database pg_catalog to create table&quot; thrown in the test body." type=""><![CDATA[unknown file
C++ exception with description "Can't find Database pg_catalog to create table" thrown in the test body.]]></failure>
    </testcase>
    <testcase name="RecursiveFunctionTest" status="run" time="0.001" classname="UDFTest">
      <failure message="unknown file&#x0A;C++ exception with description &quot;Can&apos;t find Database pg_catalog to create table&quot; thrown in the test body." type=""><![CDATA[unknown file
C++ exception with description "Can't find Database pg_catalog to create table" thrown in the test body.]]></failure>
    </testcase>
  </testsuite>
</testsuites>
