<?xml version="1.0" encoding="UTF-8"?>
<testsuites tests="7" failures="7" disabled="0" errors="0" timestamp="2018-04-10T21:36:26" time="0.836" name="AllTests">
  <testsuite name="ZoneMapTests" tests="7" failures="7" disabled="0" errors="0" time="0.835">
    <testcase name="ZoneMapContentsTest" status="run" time="0.426" classname="ZoneMapTests">
      <failure message="unknown file&#x0A;C++ exception with description &quot;Can&apos;t find Database pg_catalog to create table&quot; thrown in the test body." type=""><![CDATA[unknown file
C++ exception with description "Can't find Database pg_catalog to create table" thrown in the test body.]]></failure>
    </testcase>
    <testcase name="ZoneMapIntegerEqualityPredicateTest" status="run" time="0.071" classname="ZoneMapTests">
      <failure message="unknown file&#x0A;C++ exception with description &quot;Can&apos;t find Database pg_catalog to create table&quot; thrown in the test body." type=""><![CDATA[unknown file
C++ exception with description "Can't find Database pg_catalog to create table" thrown in the test body.]]></failure>
    </testcase>
    <testcase name="ZoneMapIntegerLessThanPredicateTest" status="run" time="0.069" classname="ZoneMapTests">
      <failure message="unknown file&#x0A;C++ exception with description &quot;Can&apos;t find Database pg_catalog to create table&quot; thrown in the test body." type=""><![CDATA[unknown file
C++ exception with description "Can't find Database pg_catalog to create table" thrown in the test body.]]></failure>
    </testcase>
    <testcase name="ZoneMapIntegerGreaterThanPredicateTest" status="run" time="0.06" classname="ZoneMapTests">
      <failure message="unknown file&#x0A;C++ exception with description &quot;Can&apos;t find Database pg_catalog to create table&quot; thrown in the test body." type=""><![CDATA[unknown file
C++ exception with description "Can't find Database pg_catalog to create table" thrown in the test body.]]></failure>
    </testcase>
    <testcase name="ZoneMapIntegerConjunctionPredicateTest" status="run" time="0.067" classname="ZoneMapTests">
      <failure message="unknown file&#x0A;C++ exception with description &quot;Can&apos;t find Database pg_catalog to create table&quot; thrown in the test body." type=""><![CDATA[unknown file
C++ exception with description "Can't find Database pg_catalog to create table" thrown in the test body.]]></failure>
    </testcase>
    <testcase name="ZoneMapDecimalConjunctionPredicateTest" status="run" time="0.072" classname="ZoneMapTests">
      <failure message="unknown file&#x0A;C++ exception with description &quot;Can&apos;t find Database pg_catalog to create table&quot; thrown in the test body." type=""><![CDATA[unknown file
C++ exception with description "Can't find Database pg_catalog to create table" thrown in the test body.]]></failure>
    </testcase>
    <testcase name="ZoneMapMultiColumnConjunctionPredicateTest" status="run" time="0.069" classname="ZoneMapTests">
      <failure message="unknown file&#x0A;C++ exception with description &quot;Can&apos;t find Database pg_catalog to create table&quot; thrown in the test body." type=""><![CDATA[unknown file
C++ exception with description "Can't find Database pg_catalog to create table" thrown in the test body.]]></failure>
    </testcase>
  </testsuite>
</testsuites>
